2023-11-15 15:27:32.938 INFO  [restartedMain] [c.c.privatepro05.Privatepro05Application] - Starting Privatepro05Application using Java 17.0.7 on FULL8-004 with PID 12700 (D:\sg\privatepro05\build\classes\java\main started by db400tea in D:\sg\privatepro05)
2023-11-15 15:27:32.941 INFO  [restartedMain] [c.c.privatepro05.Privatepro05Application] - No active profile set, falling back to 1 default profile: "default"
2023-11-15 15:27:32.969 INFO  [restartedMain] [o.s.b.d.e.DevToolsPropertyDefaultsPostProcessor] - Devtools property defaults active! Set 'spring.devtools.add-properties' to 'false' to disable
2023-11-15 15:27:32.970 INFO  [restartedMain] [o.s.b.d.e.DevToolsPropertyDefaultsPostProcessor] - For additional web related logging consider setting the 'logging.level.web' property to 'DEBUG'
2023-11-15 15:27:33.653 INFO  [restartedMain] [o.s.b.w.embedded.tomcat.TomcatWebServer] - Tomcat initialized with port(s): 8085 (http)
2023-11-15 15:27:33.658 INFO  [restartedMain] [o.apache.coyote.http11.Http11NioProtocol] - Initializing ProtocolHandler ["http-nio-8085"]
2023-11-15 15:27:33.659 INFO  [restartedMain] [org.apache.catalina.core.StandardService] - Starting service [Tomcat]
2023-11-15 15:27:33.659 INFO  [restartedMain] [org.apache.catalina.core.StandardEngine] - Starting Servlet engine: [Apache Tomcat/9.0.82]
2023-11-15 15:27:33.760 INFO  [restartedMain] [org.apache.jasper.servlet.TldScanner] - At least one JAR was scanned for TLDs yet contained no TLDs. Enable debug logging for this logger for a complete list of JARs that were scanned but no TLDs were found in them. Skipping unneeded JARs during scanning can improve startup time and JSP compilation time.
2023-11-15 15:27:33.766 INFO  [restartedMain] [o.a.c.c.C.[Tomcat].[localhost].[/]] - Initializing Spring embedded WebApplicationContext
2023-11-15 15:27:33.766 INFO  [restartedMain] [o.s.b.w.s.c.ServletWebServerApplicationContext] - Root WebApplicationContext: initialization completed in 795 ms
2023-11-15 15:27:34.034 INFO  [restartedMain] [o.s.b.a.w.s.WelcomePageHandlerMapping] - Adding welcome page template: index
2023-11-15 15:27:34.124 INFO  [restartedMain] [o.s.s.web.DefaultSecurityFilterChain] - Will secure any request with [org.springframework.security.web.session.DisableEncodeUrlFilter@6b607d62, org.springframework.security.web.context.request.async.WebAsyncManagerIntegrationFilter@7b577618, org.springframework.security.web.context.SecurityContextPersistenceFilter@4db067d8, org.springframework.security.web.header.HeaderWriterFilter@68b6e18f, org.springframework.security.web.authentication.logout.LogoutFilter@5bc3d6fc, org.springframework.security.web.authentication.UsernamePasswordAuthenticationFilter@1bd40fcc, org.springframework.security.web.session.ConcurrentSessionFilter@4c146e43, org.springframework.security.web.savedrequest.RequestCacheAwareFilter@508f3373, org.springframework.security.web.servletapi.SecurityContextHolderAwareRequestFilter@6ed08cac, org.springframework.security.web.authentication.AnonymousAuthenticationFilter@6f5e28a8, org.springframework.security.web.session.SessionManagementFilter@75d3852, org.springframework.security.web.access.ExceptionTranslationFilter@17acdabc, org.springframework.security.web.access.intercept.FilterSecurityInterceptor@3a62864c]
2023-11-15 15:27:34.212 INFO  [restartedMain] [o.s.b.d.a.OptionalLiveReloadServer] - LiveReload server is running on port 35729
2023-11-15 15:27:34.220 INFO  [restartedMain] [o.apache.coyote.http11.Http11NioProtocol] - Starting ProtocolHandler ["http-nio-8085"]
2023-11-15 15:27:34.234 INFO  [restartedMain] [o.s.b.w.embedded.tomcat.TomcatWebServer] - Tomcat started on port(s): 8085 (http) with context path ''
2023-11-15 15:27:34.240 INFO  [restartedMain] [c.c.privatepro05.Privatepro05Application] - Started Privatepro05Application in 1.474 seconds (JVM running for 1.847)
2023-11-15 15:27:46.116 INFO  [http-nio-8085-exec-1] [o.a.c.c.C.[Tomcat].[localhost].[/]] - Initializing Spring DispatcherServlet 'dispatcherServlet'
2023-11-15 15:27:46.116 INFO  [http-nio-8085-exec-1] [o.s.web.servlet.DispatcherServlet] - Initializing Servlet 'dispatcherServlet'
2023-11-15 15:27:46.117 INFO  [http-nio-8085-exec-1] [o.s.web.servlet.DispatcherServlet] - Completed initialization in 1 ms
2023-11-15 15:32:17.175 INFO  [http-nio-8085-exec-7] [com.zaxxer.hikari.HikariDataSource] - HikariPool-1 - Starting...
2023-11-15 15:32:17.241 INFO  [http-nio-8085-exec-7] [com.zaxxer.hikari.HikariDataSource] - HikariPool-1 - Start completed.
2023-11-15 15:32:22.293 INFO  [http-nio-8085-exec-10] [c.c.privatepro05.biz.FreeServiceImpl] - service free : Free(no=0, title=1234, content=1234, resdate=null, visit=0, id=seo)
2023-11-15 15:32:31.261 INFO  [http-nio-8085-exec-7] [c.c.privatepro05.ctrl.FreeController] - cnt : 1
2023-11-15 15:40:13.856 INFO  [SpringApplicationShutdownHook] [com.zaxxer.hikari.HikariDataSource] - HikariPool-1 - Shutdown initiated...
2023-11-15 15:40:13.861 INFO  [SpringApplicationShutdownHook] [com.zaxxer.hikari.HikariDataSource] - HikariPool-1 - Shutdown completed.
