2023-11-23 14:08:23.645 INFO  [restartedMain] [c.c.privatepro05.Privatepro05Application] - Starting Privatepro05Application using Java 17.0.7 on FULL8-004 with PID 15056 (D:\sg\privatepro05\build\classes\java\main started by db400tea in D:\sg\privatepro05)
2023-11-23 14:08:23.647 INFO  [restartedMain] [c.c.privatepro05.Privatepro05Application] - No active profile set, falling back to 1 default profile: "default"
2023-11-23 14:08:23.674 INFO  [restartedMain] [o.s.b.d.e.DevToolsPropertyDefaultsPostProcessor] - Devtools property defaults active! Set 'spring.devtools.add-properties' to 'false' to disable
2023-11-23 14:08:23.676 INFO  [restartedMain] [o.s.b.d.e.DevToolsPropertyDefaultsPostProcessor] - For additional web related logging consider setting the 'logging.level.web' property to 'DEBUG'
2023-11-23 14:08:24.262 INFO  [restartedMain] [o.s.b.w.embedded.tomcat.TomcatWebServer] - Tomcat initialized with port(s): 8085 (http)
2023-11-23 14:08:24.267 INFO  [restartedMain] [o.apache.coyote.http11.Http11NioProtocol] - Initializing ProtocolHandler ["http-nio-8085"]
2023-11-23 14:08:24.267 INFO  [restartedMain] [org.apache.catalina.core.StandardService] - Starting service [Tomcat]
2023-11-23 14:08:24.267 INFO  [restartedMain] [org.apache.catalina.core.StandardEngine] - Starting Servlet engine: [Apache Tomcat/9.0.82]
2023-11-23 14:08:24.385 INFO  [restartedMain] [org.apache.jasper.servlet.TldScanner] - At least one JAR was scanned for TLDs yet contained no TLDs. Enable debug logging for this logger for a complete list of JARs that were scanned but no TLDs were found in them. Skipping unneeded JARs during scanning can improve startup time and JSP compilation time.
2023-11-23 14:08:24.389 INFO  [restartedMain] [o.a.c.c.C.[Tomcat].[localhost].[/]] - Initializing Spring embedded WebApplicationContext
2023-11-23 14:08:24.389 INFO  [restartedMain] [o.s.b.w.s.c.ServletWebServerApplicationContext] - Root WebApplicationContext: initialization completed in 713 ms
2023-11-23 14:08:24.607 INFO  [restartedMain] [o.s.b.a.w.s.WelcomePageHandlerMapping] - Adding welcome page template: index
2023-11-23 14:08:24.695 INFO  [restartedMain] [o.s.s.web.DefaultSecurityFilterChain] - Will secure any request with [org.springframework.security.web.session.DisableEncodeUrlFilter@490d2189, org.springframework.security.web.context.request.async.WebAsyncManagerIntegrationFilter@78b430a2, org.springframework.security.web.context.SecurityContextPersistenceFilter@5872b867, org.springframework.security.web.header.HeaderWriterFilter@3360289c, org.springframework.security.web.authentication.logout.LogoutFilter@3fc3b596, org.springframework.security.web.authentication.UsernamePasswordAuthenticationFilter@538c409a, org.springframework.security.web.session.ConcurrentSessionFilter@75c02bf9, org.springframework.security.web.savedrequest.RequestCacheAwareFilter@157bcfda, org.springframework.security.web.servletapi.SecurityContextHolderAwareRequestFilter@5c743f5a, org.springframework.security.web.authentication.AnonymousAuthenticationFilter@761990c6, org.springframework.security.web.session.SessionManagementFilter@5b26dc5e, org.springframework.security.web.access.ExceptionTranslationFilter@70272149, org.springframework.security.web.access.intercept.FilterSecurityInterceptor@10df8ed7]
2023-11-23 14:08:24.783 INFO  [restartedMain] [o.s.b.d.a.OptionalLiveReloadServer] - LiveReload server is running on port 35729
2023-11-23 14:08:24.791 INFO  [restartedMain] [o.apache.coyote.http11.Http11NioProtocol] - Starting ProtocolHandler ["http-nio-8085"]
2023-11-23 14:08:24.804 INFO  [restartedMain] [o.s.b.w.embedded.tomcat.TomcatWebServer] - Tomcat started on port(s): 8085 (http) with context path ''
2023-11-23 14:08:24.811 INFO  [restartedMain] [c.c.privatepro05.Privatepro05Application] - Started Privatepro05Application in 1.337 seconds (JVM running for 1.711)
2023-11-23 14:08:36.687 INFO  [http-nio-8085-exec-1] [o.a.c.c.C.[Tomcat].[localhost].[/]] - Initializing Spring DispatcherServlet 'dispatcherServlet'
2023-11-23 14:08:36.687 INFO  [http-nio-8085-exec-1] [o.s.web.servlet.DispatcherServlet] - Initializing Servlet 'dispatcherServlet'
2023-11-23 14:08:36.698 INFO  [http-nio-8085-exec-1] [o.s.web.servlet.DispatcherServlet] - Completed initialization in 11 ms
2023-11-23 14:08:44.706 INFO  [http-nio-8085-exec-7] [com.zaxxer.hikari.HikariDataSource] - HikariPool-1 - Starting...
2023-11-23 14:08:44.794 INFO  [http-nio-8085-exec-7] [com.zaxxer.hikari.HikariDataSource] - HikariPool-1 - Start completed.
2023-11-23 14:08:44.927 INFO  [http-nio-8085-exec-8] [c.c.privatepro05.ctrl.ItemController] - -------item List--------
2023-11-23 14:08:44.928 INFO  [http-nio-8085-exec-8] [c.c.privatepro05.ctrl.ItemController] - []
2023-11-23 14:08:46.789 INFO  [http-nio-8085-exec-9] [c.c.privatepro05.ctrl.ItemController] - -------item List--------
2023-11-23 14:08:46.789 INFO  [http-nio-8085-exec-9] [c.c.privatepro05.ctrl.ItemController] - []
2023-11-23 14:08:48.034 INFO  [http-nio-8085-exec-1] [c.c.privatepro05.ctrl.ItemController] - -------item List--------
2023-11-23 14:08:48.050 INFO  [http-nio-8085-exec-1] [c.c.privatepro05.ctrl.ItemController] - [Item(ino=2, iname=책1234, price=12000, img1=0728_ID (1).jpg, img2=, img3=, img4=, img5=, img6=, img7=, img8=, img9=, img10=, des=안녕?, uname=seo, tel=010-1234-1234, stat=새상품, resdate=2023-11-22 10:45:20, cate=참고서)]
2023-11-23 14:09:02.723 INFO  [http-nio-8085-exec-3] [c.c.privatepro05.ctrl.UserController] - ----- MyInfo -----
2023-11-23 14:09:02.739 INFO  [http-nio-8085-exec-3] [c.c.privatepro05.ctrl.UserController] - Kuser(id=1, name=seo, password=$2a$10$B1eSQwtXQMZIht3sHOWS7.a/wOmnXT9T3EqYwl7qBbOfAuj8YuKvW, username=서광, email=seo@gmail.com, address=서울 목동, tel=010-1234-1234, regdate=2023-11-16 14:00:03, lev=USER, act=JOIN)
2023-11-23 14:09:13.642 INFO  [http-nio-8085-exec-3] [c.c.privatepro05.ctrl.ItemController] - -------item List--------
2023-11-23 14:09:13.642 INFO  [http-nio-8085-exec-3] [c.c.privatepro05.ctrl.ItemController] - []
2023-11-23 14:09:14.884 INFO  [http-nio-8085-exec-10] [c.c.privatepro05.ctrl.ItemController] - -------item List--------
2023-11-23 14:09:14.885 INFO  [http-nio-8085-exec-10] [c.c.privatepro05.ctrl.ItemController] - [Item(ino=2, iname=책1234, price=12000, img1=0728_ID (1).jpg, img2=, img3=, img4=, img5=, img6=, img7=, img8=, img9=, img10=, des=안녕?, uname=seo, tel=010-1234-1234, stat=새상품, resdate=2023-11-22 10:45:20, cate=참고서)]
2023-11-23 14:09:17.317 INFO  [http-nio-8085-exec-7] [c.c.privatepro05.ctrl.ItemController] - -------item List--------
2023-11-23 14:09:17.317 INFO  [http-nio-8085-exec-7] [c.c.privatepro05.ctrl.ItemController] - []
2023-11-23 14:09:19.998 INFO  [http-nio-8085-exec-4] [c.c.privatepro05.ctrl.ItemController] - -------item List--------
2023-11-23 14:09:19.999 INFO  [http-nio-8085-exec-4] [c.c.privatepro05.ctrl.ItemController] - [Item(ino=2, iname=책1234, price=12000, img1=0728_ID (1).jpg, img2=, img3=, img4=, img5=, img6=, img7=, img8=, img9=, img10=, des=안녕?, uname=seo, tel=010-1234-1234, stat=새상품, resdate=2023-11-22 10:45:20, cate=참고서)]
2023-11-23 14:09:36.585 INFO  [http-nio-8085-exec-8] [c.c.privatepro05.ctrl.UserController] - ----- MyInfo -----
2023-11-23 14:09:36.586 INFO  [http-nio-8085-exec-8] [c.c.privatepro05.ctrl.UserController] - Kuser(id=3, name=admin, password=$2a$10$B1eSQwtXQMZIht3sHOWS7.a/wOmnXT9T3EqYwl7qBbOfAuj8YuKvW, username=관리자, email=admin@gmail.com, address=구로, tel=010-0000-0000, regdate=2023-11-16 14:00:03, lev=ADMIN, act=JOIN)
2023-11-23 14:10:10.918 INFO  [http-nio-8085-exec-8] [c.c.privatepro05.ctrl.ItemController] - -------item List--------
2023-11-23 14:10:10.919 INFO  [http-nio-8085-exec-8] [c.c.privatepro05.ctrl.ItemController] - []
2023-11-23 14:11:44.698 INFO  [SpringApplicationShutdownHook] [com.zaxxer.hikari.HikariDataSource] - HikariPool-1 - Shutdown initiated...
2023-11-23 14:11:44.698 INFO  [SpringApplicationShutdownHook] [com.zaxxer.hikari.HikariDataSource] - HikariPool-1 - Shutdown completed.
2023-11-23 14:11:48.520 INFO  [restartedMain] [c.c.privatepro05.Privatepro05Application] - Starting Privatepro05Application using Java 17.0.7 on FULL8-004 with PID 2856 (D:\sg\privatepro05\build\classes\java\main started by db400tea in D:\sg\privatepro05)
2023-11-23 14:11:48.522 INFO  [restartedMain] [c.c.privatepro05.Privatepro05Application] - No active profile set, falling back to 1 default profile: "default"
2023-11-23 14:11:48.545 INFO  [restartedMain] [o.s.b.d.e.DevToolsPropertyDefaultsPostProcessor] - Devtools property defaults active! Set 'spring.devtools.add-properties' to 'false' to disable
2023-11-23 14:11:48.545 INFO  [restartedMain] [o.s.b.d.e.DevToolsPropertyDefaultsPostProcessor] - For additional web related logging consider setting the 'logging.level.web' property to 'DEBUG'
2023-11-23 14:11:49.115 INFO  [restartedMain] [o.s.b.w.embedded.tomcat.TomcatWebServer] - Tomcat initialized with port(s): 8085 (http)
2023-11-23 14:11:49.120 INFO  [restartedMain] [o.apache.coyote.http11.Http11NioProtocol] - Initializing ProtocolHandler ["http-nio-8085"]
2023-11-23 14:11:49.120 INFO  [restartedMain] [org.apache.catalina.core.StandardService] - Starting service [Tomcat]
2023-11-23 14:11:49.120 INFO  [restartedMain] [org.apache.catalina.core.StandardEngine] - Starting Servlet engine: [Apache Tomcat/9.0.82]
2023-11-23 14:11:49.217 INFO  [restartedMain] [org.apache.jasper.servlet.TldScanner] - At least one JAR was scanned for TLDs yet contained no TLDs. Enable debug logging for this logger for a complete list of JARs that were scanned but no TLDs were found in them. Skipping unneeded JARs during scanning can improve startup time and JSP compilation time.
2023-11-23 14:11:49.221 INFO  [restartedMain] [o.a.c.c.C.[Tomcat].[localhost].[/]] - Initializing Spring embedded WebApplicationContext
2023-11-23 14:11:49.221 INFO  [restartedMain] [o.s.b.w.s.c.ServletWebServerApplicationContext] - Root WebApplicationContext: initialization completed in 676 ms
2023-11-23 14:11:49.445 INFO  [restartedMain] [o.s.b.a.w.s.WelcomePageHandlerMapping] - Adding welcome page template: index
2023-11-23 14:11:49.536 INFO  [restartedMain] [o.s.s.web.DefaultSecurityFilterChain] - Will secure any request with [org.springframework.security.web.session.DisableEncodeUrlFilter@b485f4e, org.springframework.security.web.context.request.async.WebAsyncManagerIntegrationFilter@52a05fa5, org.springframework.security.web.context.SecurityContextPersistenceFilter@11880533, org.springframework.security.web.header.HeaderWriterFilter@14437499, org.springframework.security.web.authentication.logout.LogoutFilter@45904d5, org.springframework.security.web.authentication.UsernamePasswordAuthenticationFilter@78b430a2, org.springframework.security.web.session.ConcurrentSessionFilter@2c99df73, org.springframework.security.web.savedrequest.RequestCacheAwareFilter@38463682, org.springframework.security.web.servletapi.SecurityContextHolderAwareRequestFilter@4535403f, org.springframework.security.web.authentication.AnonymousAuthenticationFilter@68856a97, org.springframework.security.web.session.SessionManagementFilter@7fffa5b5, org.springframework.security.web.access.ExceptionTranslationFilter@5b26dc5e, org.springframework.security.web.access.intercept.FilterSecurityInterceptor@5b9a5fb5]
2023-11-23 14:11:49.624 INFO  [restartedMain] [o.s.b.d.a.OptionalLiveReloadServer] - LiveReload server is running on port 35729
2023-11-23 14:11:49.631 INFO  [restartedMain] [o.apache.coyote.http11.Http11NioProtocol] - Starting ProtocolHandler ["http-nio-8085"]
2023-11-23 14:11:49.644 INFO  [restartedMain] [o.s.b.w.embedded.tomcat.TomcatWebServer] - Tomcat started on port(s): 8085 (http) with context path ''
2023-11-23 14:11:49.650 INFO  [restartedMain] [c.c.privatepro05.Privatepro05Application] - Started Privatepro05Application in 1.291 seconds (JVM running for 1.644)
2023-11-23 14:11:51.978 INFO  [http-nio-8085-exec-1] [o.a.c.c.C.[Tomcat].[localhost].[/]] - Initializing Spring DispatcherServlet 'dispatcherServlet'
2023-11-23 14:11:51.978 INFO  [http-nio-8085-exec-1] [o.s.web.servlet.DispatcherServlet] - Initializing Servlet 'dispatcherServlet'
2023-11-23 14:11:51.978 INFO  [http-nio-8085-exec-1] [o.s.web.servlet.DispatcherServlet] - Completed initialization in 0 ms
2023-11-23 14:11:54.850 INFO  [http-nio-8085-exec-6] [com.zaxxer.hikari.HikariDataSource] - HikariPool-1 - Starting...
2023-11-23 14:11:54.890 INFO  [http-nio-8085-exec-6] [com.zaxxer.hikari.HikariDataSource] - HikariPool-1 - Start completed.
2023-11-23 14:11:54.906 INFO  [http-nio-8085-exec-6] [c.c.privatepro05.ctrl.UserController] - ----- MyInfo -----
2023-11-23 14:11:54.910 INFO  [http-nio-8085-exec-6] [c.c.privatepro05.ctrl.UserController] - Kuser(id=3, name=admin, password=$2a$10$B1eSQwtXQMZIht3sHOWS7.a/wOmnXT9T3EqYwl7qBbOfAuj8YuKvW, username=관리자, email=admin@gmail.com, address=구로, tel=010-0000-0000, regdate=2023-11-16 14:00:03, lev=ADMIN, act=JOIN)
2023-11-23 14:12:00.964 INFO  [http-nio-8085-exec-4] [c.c.privatepro05.ctrl.UserController] - ----- MyInfo -----
2023-11-23 14:12:00.964 INFO  [http-nio-8085-exec-4] [c.c.privatepro05.ctrl.UserController] - Kuser(id=1, name=seo, password=$2a$10$B1eSQwtXQMZIht3sHOWS7.a/wOmnXT9T3EqYwl7qBbOfAuj8YuKvW, username=서광, email=seo@gmail.com, address=서울 목동, tel=010-1234-1234, regdate=2023-11-16 14:00:03, lev=USER, act=JOIN)
2023-11-23 14:12:19.356 INFO  [SpringApplicationShutdownHook] [com.zaxxer.hikari.HikariDataSource] - HikariPool-1 - Shutdown initiated...
2023-11-23 14:12:19.358 INFO  [SpringApplicationShutdownHook] [com.zaxxer.hikari.HikariDataSource] - HikariPool-1 - Shutdown completed.
2023-11-23 14:12:23.859 INFO  [restartedMain] [c.c.privatepro05.Privatepro05Application] - Starting Privatepro05Application using Java 17.0.7 on FULL8-004 with PID 13076 (D:\sg\privatepro05\build\classes\java\main started by db400tea in D:\sg\privatepro05)
2023-11-23 14:12:23.860 INFO  [restartedMain] [c.c.privatepro05.Privatepro05Application] - No active profile set, falling back to 1 default profile: "default"
2023-11-23 14:12:23.884 INFO  [restartedMain] [o.s.b.d.e.DevToolsPropertyDefaultsPostProcessor] - Devtools property defaults active! Set 'spring.devtools.add-properties' to 'false' to disable
2023-11-23 14:12:23.884 INFO  [restartedMain] [o.s.b.d.e.DevToolsPropertyDefaultsPostProcessor] - For additional web related logging consider setting the 'logging.level.web' property to 'DEBUG'
2023-11-23 14:12:24.468 INFO  [restartedMain] [o.s.b.w.embedded.tomcat.TomcatWebServer] - Tomcat initialized with port(s): 8085 (http)
2023-11-23 14:12:24.472 INFO  [restartedMain] [o.apache.coyote.http11.Http11NioProtocol] - Initializing ProtocolHandler ["http-nio-8085"]
2023-11-23 14:12:24.473 INFO  [restartedMain] [org.apache.catalina.core.StandardService] - Starting service [Tomcat]
2023-11-23 14:12:24.473 INFO  [restartedMain] [org.apache.catalina.core.StandardEngine] - Starting Servlet engine: [Apache Tomcat/9.0.82]
2023-11-23 14:12:24.577 INFO  [restartedMain] [org.apache.jasper.servlet.TldScanner] - At least one JAR was scanned for TLDs yet contained no TLDs. Enable debug logging for this logger for a complete list of JARs that were scanned but no TLDs were found in them. Skipping unneeded JARs during scanning can improve startup time and JSP compilation time.
2023-11-23 14:12:24.581 INFO  [restartedMain] [o.a.c.c.C.[Tomcat].[localhost].[/]] - Initializing Spring embedded WebApplicationContext
2023-11-23 14:12:24.581 INFO  [restartedMain] [o.s.b.w.s.c.ServletWebServerApplicationContext] - Root WebApplicationContext: initialization completed in 697 ms
2023-11-23 14:12:24.807 INFO  [restartedMain] [o.s.b.a.w.s.WelcomePageHandlerMapping] - Adding welcome page template: index
2023-11-23 14:12:24.896 INFO  [restartedMain] [o.s.s.web.DefaultSecurityFilterChain] - Will secure any request with [org.springframework.security.web.session.DisableEncodeUrlFilter@761990c6, org.springframework.security.web.context.request.async.WebAsyncManagerIntegrationFilter@2b6922c3, org.springframework.security.web.context.SecurityContextPersistenceFilter@157bcfda, org.springframework.security.web.header.HeaderWriterFilter@5b26dc5e, org.springframework.security.web.authentication.logout.LogoutFilter@6b3c1bdf, org.springframework.security.web.authentication.UsernamePasswordAuthenticationFilter@40e3a9d7, org.springframework.security.web.session.ConcurrentSessionFilter@5a226c9b, org.springframework.security.web.savedrequest.RequestCacheAwareFilter@11880533, org.springframework.security.web.servletapi.SecurityContextHolderAwareRequestFilter@73882236, org.springframework.security.web.authentication.AnonymousAuthenticationFilter@b485f4e, org.springframework.security.web.session.SessionManagementFilter@14437499, org.springframework.security.web.access.ExceptionTranslationFilter@3360289c, org.springframework.security.web.access.intercept.FilterSecurityInterceptor@46d388b5]
2023-11-23 14:12:24.990 INFO  [restartedMain] [o.s.b.d.a.OptionalLiveReloadServer] - LiveReload server is running on port 35729
2023-11-23 14:12:24.999 INFO  [restartedMain] [o.apache.coyote.http11.Http11NioProtocol] - Starting ProtocolHandler ["http-nio-8085"]
2023-11-23 14:12:25.012 INFO  [restartedMain] [o.s.b.w.embedded.tomcat.TomcatWebServer] - Tomcat started on port(s): 8085 (http) with context path ''
2023-11-23 14:12:25.018 INFO  [restartedMain] [c.c.privatepro05.Privatepro05Application] - Started Privatepro05Application in 1.319 seconds (JVM running for 1.674)
2023-11-23 14:12:27.444 INFO  [http-nio-8085-exec-1] [o.a.c.c.C.[Tomcat].[localhost].[/]] - Initializing Spring DispatcherServlet 'dispatcherServlet'
2023-11-23 14:12:27.445 INFO  [http-nio-8085-exec-1] [o.s.web.servlet.DispatcherServlet] - Initializing Servlet 'dispatcherServlet'
2023-11-23 14:12:27.445 INFO  [http-nio-8085-exec-1] [o.s.web.servlet.DispatcherServlet] - Completed initialization in 0 ms
2023-11-23 14:12:44.458 INFO  [http-nio-8085-exec-3] [c.c.privatepro05.ctrl.ItemController] - files 매개변수 : [org.springframework.web.multipart.support.StandardMultipartHttpServletRequest$StandardMultipartFile@69376a6]
2023-11-23 14:12:44.459 INFO  [http-nio-8085-exec-3] [c.c.privatepro05.ctrl.ItemController] - 업로드 파일개수 : 1
2023-11-23 14:12:44.460 INFO  [http-nio-8085-exec-3] [c.c.privatepro05.ctrl.ItemController] - realPath : D:\sg\privatepro05\src\main\webapp\resources\item\upload
2023-11-23 14:12:44.471 INFO  [http-nio-8085-exec-3] [com.zaxxer.hikari.HikariDataSource] - HikariPool-1 - Starting...
2023-11-23 14:12:44.535 INFO  [http-nio-8085-exec-3] [com.zaxxer.hikari.HikariDataSource] - HikariPool-1 - Start completed.
2023-11-23 14:12:44.572 INFO  [http-nio-8085-exec-3] [c.c.privatepro05.ctrl.ItemController] - -------item List--------
2023-11-23 14:12:44.590 INFO  [http-nio-8085-exec-3] [c.c.privatepro05.ctrl.ItemController] - [Item(ino=7, iname=책 더미 1, price=10000, img1=책 더미 1.jpeg, img2=, img3=, img4=, img5=, img6=, img7=, img8=, img9=, img10=, des=책 더미 1입니다., uname=seo, tel=010-1234-1234, stat=중고, resdate=2023-11-23 14:12:44, cate=교과서), Item(ino=2, iname=책1234, price=12000, img1=0728_ID (1).jpg, img2=, img3=, img4=, img5=, img6=, img7=, img8=, img9=, img10=, des=안녕?, uname=seo, tel=010-1234-1234, stat=새상품, resdate=2023-11-22 10:45:20, cate=참고서)]
2023-11-23 14:13:07.666 INFO  [http-nio-8085-exec-6] [c.c.privatepro05.ctrl.ItemController] - files 매개변수 : [org.springframework.web.multipart.support.StandardMultipartHttpServletRequest$StandardMultipartFile@62876e72]
2023-11-23 14:13:07.666 INFO  [http-nio-8085-exec-6] [c.c.privatepro05.ctrl.ItemController] - 업로드 파일개수 : 1
2023-11-23 14:13:07.667 INFO  [http-nio-8085-exec-6] [c.c.privatepro05.ctrl.ItemController] - realPath : D:\sg\privatepro05\src\main\webapp\resources\item\upload
2023-11-23 14:13:07.677 INFO  [http-nio-8085-exec-7] [c.c.privatepro05.ctrl.ItemController] - -------item List--------
2023-11-23 14:13:07.678 INFO  [http-nio-8085-exec-7] [c.c.privatepro05.ctrl.ItemController] - [Item(ino=8, iname=책 더미 2, price=20000, img1=책 더미 2.jpeg, img2=, img3=, img4=, img5=, img6=, img7=, img8=, img9=, img10=, des=책 더미 2 입니다., uname=seo, tel=010-1234-1234, stat=중고, resdate=2023-11-23 14:13:07, cate=교과서), Item(ino=7, iname=책 더미 1, price=10000, img1=책 더미 1.jpeg, img2=, img3=, img4=, img5=, img6=, img7=, img8=, img9=, img10=, des=책 더미 1입니다., uname=seo, tel=010-1234-1234, stat=중고, resdate=2023-11-23 14:12:44, cate=교과서), Item(ino=2, iname=책1234, price=12000, img1=0728_ID (1).jpg, img2=, img3=, img4=, img5=, img6=, img7=, img8=, img9=, img10=, des=안녕?, uname=seo, tel=010-1234-1234, stat=새상품, resdate=2023-11-22 10:45:20, cate=참고서)]
2023-11-23 14:17:14.373 INFO  [http-nio-8085-exec-6] [c.c.privatepro05.ctrl.ItemController] - files 매개변수 : [org.springframework.web.multipart.support.StandardMultipartHttpServletRequest$StandardMultipartFile@30b18caa]
2023-11-23 14:17:14.373 INFO  [http-nio-8085-exec-6] [c.c.privatepro05.ctrl.ItemController] - 업로드 파일개수 : 1
2023-11-23 14:17:14.374 INFO  [http-nio-8085-exec-6] [c.c.privatepro05.ctrl.ItemController] - realPath : D:\sg\privatepro05\src\main\webapp\resources\item\upload
2023-11-23 14:17:14.382 INFO  [http-nio-8085-exec-5] [c.c.privatepro05.ctrl.ItemController] - -------item List--------
2023-11-23 14:17:14.382 INFO  [http-nio-8085-exec-5] [c.c.privatepro05.ctrl.ItemController] - [Item(ino=8, iname=책 더미 2, price=20000, img1=, img2=, img3=, img4=, img5=, img6=, img7=, img8=, img9=, img10=, des=책 더미 2 입니다., uname=seo, tel=010-1234-1234, stat=중고, resdate=2023-11-23 14:13:07, cate=교과서), Item(ino=7, iname=책 더미 2, price=20000, img1=, img2=, img3=, img4=, img5=, img6=, img7=, img8=, img9=, img10=, des=책 더미 2 입니다., uname=seo, tel=010-1234-1234, stat=중고, resdate=2023-11-23 14:12:44, cate=교과서), Item(ino=2, iname=책 더미 2, price=20000, img1=, img2=, img3=, img4=, img5=, img6=, img7=, img8=, img9=, img10=, des=책 더미 2 입니다., uname=seo, tel=010-1234-1234, stat=중고, resdate=2023-11-22 10:45:20, cate=교과서)]
2023-11-23 14:17:18.900 INFO  [http-nio-8085-exec-6] [c.c.privatepro05.ctrl.ItemController] - -------item List--------
2023-11-23 14:17:18.901 INFO  [http-nio-8085-exec-6] [c.c.privatepro05.ctrl.ItemController] - [Item(ino=8, iname=책 더미 2, price=20000, img1=, img2=, img3=, img4=, img5=, img6=, img7=, img8=, img9=, img10=, des=책 더미 2 입니다., uname=seo, tel=010-1234-1234, stat=중고, resdate=2023-11-23 14:13:07, cate=교과서), Item(ino=7, iname=책 더미 2, price=20000, img1=, img2=, img3=, img4=, img5=, img6=, img7=, img8=, img9=, img10=, des=책 더미 2 입니다., uname=seo, tel=010-1234-1234, stat=중고, resdate=2023-11-23 14:12:44, cate=교과서), Item(ino=2, iname=책 더미 2, price=20000, img1=, img2=, img3=, img4=, img5=, img6=, img7=, img8=, img9=, img10=, des=책 더미 2 입니다., uname=seo, tel=010-1234-1234, stat=중고, resdate=2023-11-22 10:45:20, cate=교과서)]
2023-11-23 14:17:20.097 INFO  [http-nio-8085-exec-1] [c.c.privatepro05.ctrl.ItemController] - -------item List--------
2023-11-23 14:17:20.098 INFO  [http-nio-8085-exec-1] [c.c.privatepro05.ctrl.ItemController] - [Item(ino=8, iname=책 더미 2, price=20000, img1=, img2=, img3=, img4=, img5=, img6=, img7=, img8=, img9=, img10=, des=책 더미 2 입니다., uname=seo, tel=010-1234-1234, stat=중고, resdate=2023-11-23 14:13:07, cate=교과서), Item(ino=7, iname=책 더미 2, price=20000, img1=, img2=, img3=, img4=, img5=, img6=, img7=, img8=, img9=, img10=, des=책 더미 2 입니다., uname=seo, tel=010-1234-1234, stat=중고, resdate=2023-11-23 14:12:44, cate=교과서), Item(ino=2, iname=책 더미 2, price=20000, img1=, img2=, img3=, img4=, img5=, img6=, img7=, img8=, img9=, img10=, des=책 더미 2 입니다., uname=seo, tel=010-1234-1234, stat=중고, resdate=2023-11-22 10:45:20, cate=교과서)]
2023-11-23 14:17:21.122 INFO  [http-nio-8085-exec-3] [c.c.privatepro05.ctrl.ItemController] - -------item List--------
2023-11-23 14:17:21.122 INFO  [http-nio-8085-exec-3] [c.c.privatepro05.ctrl.ItemController] - [Item(ino=8, iname=책 더미 2, price=20000, img1=, img2=, img3=, img4=, img5=, img6=, img7=, img8=, img9=, img10=, des=책 더미 2 입니다., uname=seo, tel=010-1234-1234, stat=중고, resdate=2023-11-23 14:13:07, cate=교과서), Item(ino=7, iname=책 더미 2, price=20000, img1=, img2=, img3=, img4=, img5=, img6=, img7=, img8=, img9=, img10=, des=책 더미 2 입니다., uname=seo, tel=010-1234-1234, stat=중고, resdate=2023-11-23 14:12:44, cate=교과서), Item(ino=2, iname=책 더미 2, price=20000, img1=, img2=, img3=, img4=, img5=, img6=, img7=, img8=, img9=, img10=, des=책 더미 2 입니다., uname=seo, tel=010-1234-1234, stat=중고, resdate=2023-11-22 10:45:20, cate=교과서)]
2023-11-23 14:17:21.277 INFO  [http-nio-8085-exec-7] [c.c.privatepro05.ctrl.ItemController] - -------item List--------
2023-11-23 14:17:21.277 INFO  [http-nio-8085-exec-7] [c.c.privatepro05.ctrl.ItemController] - [Item(ino=8, iname=책 더미 2, price=20000, img1=, img2=, img3=, img4=, img5=, img6=, img7=, img8=, img9=, img10=, des=책 더미 2 입니다., uname=seo, tel=010-1234-1234, stat=중고, resdate=2023-11-23 14:13:07, cate=교과서), Item(ino=7, iname=책 더미 2, price=20000, img1=, img2=, img3=, img4=, img5=, img6=, img7=, img8=, img9=, img10=, des=책 더미 2 입니다., uname=seo, tel=010-1234-1234, stat=중고, resdate=2023-11-23 14:12:44, cate=교과서), Item(ino=2, iname=책 더미 2, price=20000, img1=, img2=, img3=, img4=, img5=, img6=, img7=, img8=, img9=, img10=, des=책 더미 2 입니다., uname=seo, tel=010-1234-1234, stat=중고, resdate=2023-11-22 10:45:20, cate=교과서)]
2023-11-23 14:17:25.900 INFO  [SpringApplicationShutdownHook] [com.zaxxer.hikari.HikariDataSource] - HikariPool-1 - Shutdown initiated...
2023-11-23 14:17:25.900 INFO  [SpringApplicationShutdownHook] [com.zaxxer.hikari.HikariDataSource] - HikariPool-1 - Shutdown completed.
2023-11-23 14:17:30.918 INFO  [restartedMain] [c.c.privatepro05.Privatepro05Application] - Starting Privatepro05Application using Java 17.0.7 on FULL8-004 with PID 2676 (D:\sg\privatepro05\build\classes\java\main started by db400tea in D:\sg\privatepro05)
2023-11-23 14:17:30.920 INFO  [restartedMain] [c.c.privatepro05.Privatepro05Application] - No active profile set, falling back to 1 default profile: "default"
2023-11-23 14:17:30.945 INFO  [restartedMain] [o.s.b.d.e.DevToolsPropertyDefaultsPostProcessor] - Devtools property defaults active! Set 'spring.devtools.add-properties' to 'false' to disable
2023-11-23 14:17:30.945 INFO  [restartedMain] [o.s.b.d.e.DevToolsPropertyDefaultsPostProcessor] - For additional web related logging consider setting the 'logging.level.web' property to 'DEBUG'
2023-11-23 14:17:31.508 INFO  [restartedMain] [o.s.b.w.embedded.tomcat.TomcatWebServer] - Tomcat initialized with port(s): 8085 (http)
2023-11-23 14:17:31.513 INFO  [restartedMain] [o.apache.coyote.http11.Http11NioProtocol] - Initializing ProtocolHandler ["http-nio-8085"]
2023-11-23 14:17:31.514 INFO  [restartedMain] [org.apache.catalina.core.StandardService] - Starting service [Tomcat]
2023-11-23 14:17:31.514 INFO  [restartedMain] [org.apache.catalina.core.StandardEngine] - Starting Servlet engine: [Apache Tomcat/9.0.82]
2023-11-23 14:17:31.610 INFO  [restartedMain] [org.apache.jasper.servlet.TldScanner] - At least one JAR was scanned for TLDs yet contained no TLDs. Enable debug logging for this logger for a complete list of JARs that were scanned but no TLDs were found in them. Skipping unneeded JARs during scanning can improve startup time and JSP compilation time.
2023-11-23 14:17:31.615 INFO  [restartedMain] [o.a.c.c.C.[Tomcat].[localhost].[/]] - Initializing Spring embedded WebApplicationContext
2023-11-23 14:17:31.615 INFO  [restartedMain] [o.s.b.w.s.c.ServletWebServerApplicationContext] - Root WebApplicationContext: initialization completed in 670 ms
2023-11-23 14:17:31.833 INFO  [restartedMain] [o.s.b.a.w.s.WelcomePageHandlerMapping] - Adding welcome page template: index
2023-11-23 14:17:31.925 INFO  [restartedMain] [o.s.s.web.DefaultSecurityFilterChain] - Will secure any request with [org.springframework.security.web.session.DisableEncodeUrlFilter@5785ec8e, org.springframework.security.web.context.request.async.WebAsyncManagerIntegrationFilter@4b8b486, org.springframework.security.web.context.SecurityContextPersistenceFilter@5b19e436, org.springframework.security.web.header.HeaderWriterFilter@3e74a0cd, org.springframework.security.web.authentication.logout.LogoutFilter@5ed62872, org.springframework.security.web.authentication.UsernamePasswordAuthenticationFilter@338c0c54, org.springframework.security.web.session.ConcurrentSessionFilter@508655ea, org.springframework.security.web.savedrequest.RequestCacheAwareFilter@5175480f, org.springframework.security.web.servletapi.SecurityContextHolderAwareRequestFilter@2825227f, org.springframework.security.web.authentication.AnonymousAuthenticationFilter@691d7592, org.springframework.security.web.session.SessionManagementFilter@11af4953, org.springframework.security.web.access.ExceptionTranslationFilter@379de79e, org.springframework.security.web.access.intercept.FilterSecurityInterceptor@2e597263]
2023-11-23 14:17:32.015 INFO  [restartedMain] [o.s.b.d.a.OptionalLiveReloadServer] - LiveReload server is running on port 35729
2023-11-23 14:17:32.023 INFO  [restartedMain] [o.apache.coyote.http11.Http11NioProtocol] - Starting ProtocolHandler ["http-nio-8085"]
2023-11-23 14:17:32.036 INFO  [restartedMain] [o.s.b.w.embedded.tomcat.TomcatWebServer] - Tomcat started on port(s): 8085 (http) with context path ''
2023-11-23 14:17:32.042 INFO  [restartedMain] [c.c.privatepro05.Privatepro05Application] - Started Privatepro05Application in 1.285 seconds (JVM running for 1.634)
2023-11-23 14:17:38.268 INFO  [http-nio-8085-exec-1] [o.a.c.c.C.[Tomcat].[localhost].[/]] - Initializing Spring DispatcherServlet 'dispatcherServlet'
2023-11-23 14:17:38.268 INFO  [http-nio-8085-exec-1] [o.s.web.servlet.DispatcherServlet] - Initializing Servlet 'dispatcherServlet'
2023-11-23 14:17:38.269 INFO  [http-nio-8085-exec-1] [o.s.web.servlet.DispatcherServlet] - Completed initialization in 1 ms
2023-11-23 14:17:38.297 INFO  [http-nio-8085-exec-1] [com.zaxxer.hikari.HikariDataSource] - HikariPool-1 - Starting...
2023-11-23 14:17:38.337 INFO  [http-nio-8085-exec-1] [com.zaxxer.hikari.HikariDataSource] - HikariPool-1 - Start completed.
2023-11-23 14:17:38.352 INFO  [http-nio-8085-exec-1] [c.c.privatepro05.ctrl.UserController] - ----- MyInfo -----
2023-11-23 14:17:38.356 INFO  [http-nio-8085-exec-1] [c.c.privatepro05.ctrl.UserController] - Kuser(id=1, name=seo, password=$2a$10$B1eSQwtXQMZIht3sHOWS7.a/wOmnXT9T3EqYwl7qBbOfAuj8YuKvW, username=서광, email=seo@gmail.com, address=서울 목동, tel=010-1234-1234, regdate=2023-11-16 14:00:03, lev=USER, act=JOIN)
2023-11-23 14:17:41.265 INFO  [http-nio-8085-exec-6] [c.c.privatepro05.ctrl.ItemController] - -------item List--------
2023-11-23 14:17:41.265 INFO  [http-nio-8085-exec-6] [c.c.privatepro05.ctrl.ItemController] - []
2023-11-23 14:17:42.971 INFO  [http-nio-8085-exec-1] [c.c.privatepro05.ctrl.ItemController] - -------item List--------
2023-11-23 14:17:42.986 INFO  [http-nio-8085-exec-1] [c.c.privatepro05.ctrl.ItemController] - [Item(ino=8, iname=책 더미 2, price=20000, img1=, img2=, img3=, img4=, img5=, img6=, img7=, img8=, img9=, img10=, des=책 더미 2 입니다., uname=seo, tel=010-1234-1234, stat=중고, resdate=2023-11-23 14:13:07, cate=교과서), Item(ino=7, iname=책 더미 2, price=20000, img1=, img2=, img3=, img4=, img5=, img6=, img7=, img8=, img9=, img10=, des=책 더미 2 입니다., uname=seo, tel=010-1234-1234, stat=중고, resdate=2023-11-23 14:12:44, cate=교과서), Item(ino=2, iname=책 더미 2, price=20000, img1=, img2=, img3=, img4=, img5=, img6=, img7=, img8=, img9=, img10=, des=책 더미 2 입니다., uname=seo, tel=010-1234-1234, stat=중고, resdate=2023-11-22 10:45:20, cate=교과서)]
2023-11-23 14:17:49.158 INFO  [http-nio-8085-exec-9] [c.c.privatepro05.ctrl.ItemController] - files 매개변수 : [org.springframework.web.multipart.support.StandardMultipartHttpServletRequest$StandardMultipartFile@130d8646]
2023-11-23 14:17:49.158 INFO  [http-nio-8085-exec-9] [c.c.privatepro05.ctrl.ItemController] - 업로드 파일개수 : 1
2023-11-23 14:17:49.158 INFO  [http-nio-8085-exec-9] [c.c.privatepro05.ctrl.ItemController] - realPath : D:\sg\privatepro05\src\main\webapp\resources\item\upload
2023-11-23 14:17:49.178 INFO  [http-nio-8085-exec-10] [c.c.privatepro05.ctrl.ItemController] - -------item List--------
2023-11-23 14:17:49.178 INFO  [http-nio-8085-exec-10] [c.c.privatepro05.ctrl.ItemController] - [Item(ino=8, iname=책 더미 2, price=20000, img1=책 더미 1.jpeg, img2=, img3=, img4=, img5=, img6=, img7=, img8=, img9=, img10=, des=책 더미 2 입니다., uname=seo, tel=010-1234-1234, stat=중고, resdate=2023-11-23 14:13:07, cate=교과서), Item(ino=7, iname=책 더미 2, price=20000, img1=책 더미 1.jpeg, img2=, img3=, img4=, img5=, img6=, img7=, img8=, img9=, img10=, des=책 더미 2 입니다., uname=seo, tel=010-1234-1234, stat=중고, resdate=2023-11-23 14:12:44, cate=교과서), Item(ino=2, iname=책 더미 2, price=20000, img1=책 더미 1.jpeg, img2=, img3=, img4=, img5=, img6=, img7=, img8=, img9=, img10=, des=책 더미 2 입니다., uname=seo, tel=010-1234-1234, stat=중고, resdate=2023-11-22 10:45:20, cate=교과서)]
2023-11-23 14:17:55.090 INFO  [http-nio-8085-exec-9] [c.c.privatepro05.ctrl.ItemController] - files 매개변수 : [org.springframework.web.multipart.support.StandardMultipartHttpServletRequest$StandardMultipartFile@3783989b]
2023-11-23 14:17:55.091 INFO  [http-nio-8085-exec-9] [c.c.privatepro05.ctrl.ItemController] - 업로드 파일개수 : 1
2023-11-23 14:17:55.091 INFO  [http-nio-8085-exec-9] [c.c.privatepro05.ctrl.ItemController] - realPath : D:\sg\privatepro05\src\main\webapp\resources\item\upload
2023-11-23 14:17:55.091 INFO  [http-nio-8085-exec-9] [c.c.privatepro05.ctrl.ItemController] - -------item List--------
2023-11-23 14:17:55.091 INFO  [http-nio-8085-exec-9] [c.c.privatepro05.ctrl.ItemController] - [Item(ino=8, iname=책 더미 2, price=20000, img1=, img2=, img3=, img4=, img5=, img6=, img7=, img8=, img9=, img10=, des=책 더미 2 입니다., uname=seo, tel=010-1234-1234, stat=중고, resdate=2023-11-23 14:13:07, cate=교과서), Item(ino=7, iname=책 더미 2, price=20000, img1=, img2=, img3=, img4=, img5=, img6=, img7=, img8=, img9=, img10=, des=책 더미 2 입니다., uname=seo, tel=010-1234-1234, stat=중고, resdate=2023-11-23 14:12:44, cate=교과서), Item(ino=2, iname=책 더미 2, price=20000, img1=, img2=, img3=, img4=, img5=, img6=, img7=, img8=, img9=, img10=, des=책 더미 2 입니다., uname=seo, tel=010-1234-1234, stat=중고, resdate=2023-11-22 10:45:20, cate=교과서)]
2023-11-23 14:18:02.772 INFO  [http-nio-8085-exec-10] [c.c.privatepro05.ctrl.ItemController] - files 매개변수 : [org.springframework.web.multipart.support.StandardMultipartHttpServletRequest$StandardMultipartFile@1c277663]
2023-11-23 14:18:02.772 INFO  [http-nio-8085-exec-10] [c.c.privatepro05.ctrl.ItemController] - 업로드 파일개수 : 1
2023-11-23 14:18:02.773 INFO  [http-nio-8085-exec-10] [c.c.privatepro05.ctrl.ItemController] - realPath : D:\sg\privatepro05\src\main\webapp\resources\item\upload
2023-11-23 14:18:02.788 INFO  [http-nio-8085-exec-6] [c.c.privatepro05.ctrl.ItemController] - -------item List--------
2023-11-23 14:18:02.788 INFO  [http-nio-8085-exec-6] [c.c.privatepro05.ctrl.ItemController] - [Item(ino=8, iname=책 더미 2, price=20000, img1=책 더미 2.jpeg, img2=, img3=, img4=, img5=, img6=, img7=, img8=, img9=, img10=, des=책 더미 2 입니다., uname=seo, tel=010-1234-1234, stat=중고, resdate=2023-11-23 14:13:07, cate=교과서), Item(ino=7, iname=책 더미 2, price=20000, img1=책 더미 2.jpeg, img2=, img3=, img4=, img5=, img6=, img7=, img8=, img9=, img10=, des=책 더미 2 입니다., uname=seo, tel=010-1234-1234, stat=중고, resdate=2023-11-23 14:12:44, cate=교과서), Item(ino=2, iname=책 더미 2, price=20000, img1=책 더미 2.jpeg, img2=, img3=, img4=, img5=, img6=, img7=, img8=, img9=, img10=, des=책 더미 2 입니다., uname=seo, tel=010-1234-1234, stat=중고, resdate=2023-11-22 10:45:20, cate=교과서)]
2023-11-23 14:20:32.566 INFO  [SpringApplicationShutdownHook] [com.zaxxer.hikari.HikariDataSource] - HikariPool-1 - Shutdown initiated...
2023-11-23 14:20:32.568 INFO  [SpringApplicationShutdownHook] [com.zaxxer.hikari.HikariDataSource] - HikariPool-1 - Shutdown completed.
2023-11-23 14:20:36.743 INFO  [restartedMain] [c.c.privatepro05.Privatepro05Application] - Starting Privatepro05Application using Java 17.0.7 on FULL8-004 with PID 10952 (D:\sg\privatepro05\build\classes\java\main started by db400tea in D:\sg\privatepro05)
2023-11-23 14:20:36.744 INFO  [restartedMain] [c.c.privatepro05.Privatepro05Application] - No active profile set, falling back to 1 default profile: "default"
2023-11-23 14:20:36.769 INFO  [restartedMain] [o.s.b.d.e.DevToolsPropertyDefaultsPostProcessor] - Devtools property defaults active! Set 'spring.devtools.add-properties' to 'false' to disable
2023-11-23 14:20:36.769 INFO  [restartedMain] [o.s.b.d.e.DevToolsPropertyDefaultsPostProcessor] - For additional web related logging consider setting the 'logging.level.web' property to 'DEBUG'
2023-11-23 14:20:37.366 INFO  [restartedMain] [o.s.b.w.embedded.tomcat.TomcatWebServer] - Tomcat initialized with port(s): 8085 (http)
2023-11-23 14:20:37.371 INFO  [restartedMain] [o.apache.coyote.http11.Http11NioProtocol] - Initializing ProtocolHandler ["http-nio-8085"]
2023-11-23 14:20:37.371 INFO  [restartedMain] [org.apache.catalina.core.StandardService] - Starting service [Tomcat]
2023-11-23 14:20:37.371 INFO  [restartedMain] [org.apache.catalina.core.StandardEngine] - Starting Servlet engine: [Apache Tomcat/9.0.82]
2023-11-23 14:20:37.470 INFO  [restartedMain] [org.apache.jasper.servlet.TldScanner] - At least one JAR was scanned for TLDs yet contained no TLDs. Enable debug logging for this logger for a complete list of JARs that were scanned but no TLDs were found in them. Skipping unneeded JARs during scanning can improve startup time and JSP compilation time.
2023-11-23 14:20:37.475 INFO  [restartedMain] [o.a.c.c.C.[Tomcat].[localhost].[/]] - Initializing Spring embedded WebApplicationContext
2023-11-23 14:20:37.475 INFO  [restartedMain] [o.s.b.w.s.c.ServletWebServerApplicationContext] - Root WebApplicationContext: initialization completed in 706 ms
2023-11-23 14:20:37.705 INFO  [restartedMain] [o.s.b.a.w.s.WelcomePageHandlerMapping] - Adding welcome page template: index
2023-11-23 14:20:37.800 INFO  [restartedMain] [o.s.s.web.DefaultSecurityFilterChain] - Will secure any request with [org.springframework.security.web.session.DisableEncodeUrlFilter@3ccf7e00, org.springframework.security.web.context.request.async.WebAsyncManagerIntegrationFilter@6ac71f9d, org.springframework.security.web.context.SecurityContextPersistenceFilter@63fd6020, org.springframework.security.web.header.HeaderWriterFilter@1b473f0e, org.springframework.security.web.authentication.logout.LogoutFilter@5c5a1927, org.springframework.security.web.authentication.UsernamePasswordAuthenticationFilter@c1b58bc, org.springframework.security.web.session.ConcurrentSessionFilter@5f90488a, org.springframework.security.web.savedrequest.RequestCacheAwareFilter@4956f6f0, org.springframework.security.web.servletapi.SecurityContextHolderAwareRequestFilter@11af4953, org.springframework.security.web.authentication.AnonymousAuthenticationFilter@1d19819, org.springframework.security.web.session.SessionManagementFilter@6d50c6de, org.springframework.security.web.access.ExceptionTranslationFilter@5c8f94be, org.springframework.security.web.access.intercept.FilterSecurityInterceptor@5dc27c0]
2023-11-23 14:20:37.891 INFO  [restartedMain] [o.s.b.d.a.OptionalLiveReloadServer] - LiveReload server is running on port 35729
2023-11-23 14:20:37.899 INFO  [restartedMain] [o.apache.coyote.http11.Http11NioProtocol] - Starting ProtocolHandler ["http-nio-8085"]
2023-11-23 14:20:37.913 INFO  [restartedMain] [o.s.b.w.embedded.tomcat.TomcatWebServer] - Tomcat started on port(s): 8085 (http) with context path ''
2023-11-23 14:20:37.920 INFO  [restartedMain] [c.c.privatepro05.Privatepro05Application] - Started Privatepro05Application in 1.344 seconds (JVM running for 1.726)
2023-11-23 14:20:39.531 INFO  [http-nio-8085-exec-1] [o.a.c.c.C.[Tomcat].[localhost].[/]] - Initializing Spring DispatcherServlet 'dispatcherServlet'
2023-11-23 14:20:39.531 INFO  [http-nio-8085-exec-1] [o.s.web.servlet.DispatcherServlet] - Initializing Servlet 'dispatcherServlet'
2023-11-23 14:20:39.531 INFO  [http-nio-8085-exec-1] [o.s.web.servlet.DispatcherServlet] - Completed initialization in 0 ms
2023-11-23 14:20:39.563 INFO  [http-nio-8085-exec-1] [com.zaxxer.hikari.HikariDataSource] - HikariPool-1 - Starting...
2023-11-23 14:20:39.602 INFO  [http-nio-8085-exec-1] [com.zaxxer.hikari.HikariDataSource] - HikariPool-1 - Start completed.
2023-11-23 14:20:42.712 INFO  [http-nio-8085-exec-1] [c.c.privatepro05.ctrl.ItemController] - -------item List--------
2023-11-23 14:20:42.718 INFO  [http-nio-8085-exec-1] [c.c.privatepro05.ctrl.ItemController] - [Item(ino=8, iname=책 더미 2, price=20000, img1=책 더미 2.jpeg, img2=, img3=, img4=, img5=, img6=, img7=, img8=, img9=, img10=, des=책 더미 2 입니다., uname=seo, tel=010-1234-1234, stat=중고, resdate=2023-11-23 14:13:07, cate=교과서), Item(ino=7, iname=책 더미 2, price=20000, img1=책 더미 2.jpeg, img2=, img3=, img4=, img5=, img6=, img7=, img8=, img9=, img10=, des=책 더미 2 입니다., uname=seo, tel=010-1234-1234, stat=중고, resdate=2023-11-23 14:12:44, cate=교과서), Item(ino=2, iname=책 더미 2, price=20000, img1=책 더미 2.jpeg, img2=, img3=, img4=, img5=, img6=, img7=, img8=, img9=, img10=, des=책 더미 2 입니다., uname=seo, tel=010-1234-1234, stat=중고, resdate=2023-11-22 10:45:20, cate=교과서)]
2023-11-23 14:20:49.615 INFO  [http-nio-8085-exec-6] [c.c.privatepro05.ctrl.ItemController] - files 매개변수 : [org.springframework.web.multipart.support.StandardMultipartHttpServletRequest$StandardMultipartFile@7e4ef172]
2023-11-23 14:20:49.615 INFO  [http-nio-8085-exec-6] [c.c.privatepro05.ctrl.ItemController] - 업로드 파일개수 : 1
2023-11-23 14:20:49.616 INFO  [http-nio-8085-exec-6] [c.c.privatepro05.ctrl.ItemController] - realPath : D:\sg\privatepro05\src\main\webapp\resources\item\upload
2023-11-23 14:20:49.626 INFO  [http-nio-8085-exec-6] [c.c.privatepro05.ctrl.ItemController] - -------item List--------
2023-11-23 14:20:49.627 INFO  [http-nio-8085-exec-6] [c.c.privatepro05.ctrl.ItemController] - [Item(ino=8, iname=책 더미 2, price=20000, img1=책 더미 3.jpeg, img2=, img3=, img4=, img5=, img6=, img7=, img8=, img9=, img10=, des=책 더미 2 입니다., uname=seo, tel=010-1234-1234, stat=중고, resdate=2023-11-23 14:13:07, cate=교과서), Item(ino=7, iname=책 더미 2, price=20000, img1=책 더미 3.jpeg, img2=, img3=, img4=, img5=, img6=, img7=, img8=, img9=, img10=, des=책 더미 2 입니다., uname=seo, tel=010-1234-1234, stat=중고, resdate=2023-11-23 14:12:44, cate=교과서), Item(ino=2, iname=책 더미 2, price=20000, img1=책 더미 3.jpeg, img2=, img3=, img4=, img5=, img6=, img7=, img8=, img9=, img10=, des=책 더미 2 입니다., uname=seo, tel=010-1234-1234, stat=중고, resdate=2023-11-22 10:45:20, cate=교과서)]
2023-11-23 14:21:30.975 INFO  [SpringApplicationShutdownHook] [com.zaxxer.hikari.HikariDataSource] - HikariPool-1 - Shutdown initiated...
2023-11-23 14:21:30.977 INFO  [SpringApplicationShutdownHook] [com.zaxxer.hikari.HikariDataSource] - HikariPool-1 - Shutdown completed.
2023-11-23 14:21:34.620 INFO  [restartedMain] [c.c.privatepro05.Privatepro05Application] - Starting Privatepro05Application using Java 17.0.7 on FULL8-004 with PID 12588 (D:\sg\privatepro05\build\classes\java\main started by db400tea in D:\sg\privatepro05)
2023-11-23 14:21:34.622 INFO  [restartedMain] [c.c.privatepro05.Privatepro05Application] - No active profile set, falling back to 1 default profile: "default"
2023-11-23 14:21:34.645 INFO  [restartedMain] [o.s.b.d.e.DevToolsPropertyDefaultsPostProcessor] - Devtools property defaults active! Set 'spring.devtools.add-properties' to 'false' to disable
2023-11-23 14:21:34.645 INFO  [restartedMain] [o.s.b.d.e.DevToolsPropertyDefaultsPostProcessor] - For additional web related logging consider setting the 'logging.level.web' property to 'DEBUG'
2023-11-23 14:21:35.220 INFO  [restartedMain] [o.s.b.w.embedded.tomcat.TomcatWebServer] - Tomcat initialized with port(s): 8085 (http)
2023-11-23 14:21:35.225 INFO  [restartedMain] [o.apache.coyote.http11.Http11NioProtocol] - Initializing ProtocolHandler ["http-nio-8085"]
2023-11-23 14:21:35.226 INFO  [restartedMain] [org.apache.catalina.core.StandardService] - Starting service [Tomcat]
2023-11-23 14:21:35.226 INFO  [restartedMain] [org.apache.catalina.core.StandardEngine] - Starting Servlet engine: [Apache Tomcat/9.0.82]
2023-11-23 14:21:35.323 INFO  [restartedMain] [org.apache.jasper.servlet.TldScanner] - At least one JAR was scanned for TLDs yet contained no TLDs. Enable debug logging for this logger for a complete list of JARs that were scanned but no TLDs were found in them. Skipping unneeded JARs during scanning can improve startup time and JSP compilation time.
2023-11-23 14:21:35.328 INFO  [restartedMain] [o.a.c.c.C.[Tomcat].[localhost].[/]] - Initializing Spring embedded WebApplicationContext
2023-11-23 14:21:35.328 INFO  [restartedMain] [o.s.b.w.s.c.ServletWebServerApplicationContext] - Root WebApplicationContext: initialization completed in 683 ms
2023-11-23 14:21:35.547 INFO  [restartedMain] [o.s.b.a.w.s.WelcomePageHandlerMapping] - Adding welcome page template: index
2023-11-23 14:21:35.638 INFO  [restartedMain] [o.s.s.web.DefaultSecurityFilterChain] - Will secure any request with [org.springframework.security.web.session.DisableEncodeUrlFilter@b485f4e, org.springframework.security.web.context.request.async.WebAsyncManagerIntegrationFilter@52a05fa5, org.springframework.security.web.context.SecurityContextPersistenceFilter@11880533, org.springframework.security.web.header.HeaderWriterFilter@14437499, org.springframework.security.web.authentication.logout.LogoutFilter@45904d5, org.springframework.security.web.authentication.UsernamePasswordAuthenticationFilter@78b430a2, org.springframework.security.web.session.ConcurrentSessionFilter@2c99df73, org.springframework.security.web.savedrequest.RequestCacheAwareFilter@38463682, org.springframework.security.web.servletapi.SecurityContextHolderAwareRequestFilter@4535403f, org.springframework.security.web.authentication.AnonymousAuthenticationFilter@68856a97, org.springframework.security.web.session.SessionManagementFilter@7fffa5b5, org.springframework.security.web.access.ExceptionTranslationFilter@5b26dc5e, org.springframework.security.web.access.intercept.FilterSecurityInterceptor@5b9a5fb5]
2023-11-23 14:21:35.737 INFO  [restartedMain] [o.s.b.d.a.OptionalLiveReloadServer] - LiveReload server is running on port 35729
2023-11-23 14:21:35.745 INFO  [restartedMain] [o.apache.coyote.http11.Http11NioProtocol] - Starting ProtocolHandler ["http-nio-8085"]
2023-11-23 14:21:35.759 INFO  [restartedMain] [o.s.b.w.embedded.tomcat.TomcatWebServer] - Tomcat started on port(s): 8085 (http) with context path ''
2023-11-23 14:21:35.765 INFO  [restartedMain] [c.c.privatepro05.Privatepro05Application] - Started Privatepro05Application in 1.304 seconds (JVM running for 1.654)
2023-11-23 14:21:36.582 INFO  [http-nio-8085-exec-1] [o.a.c.c.C.[Tomcat].[localhost].[/]] - Initializing Spring DispatcherServlet 'dispatcherServlet'
2023-11-23 14:21:36.582 INFO  [http-nio-8085-exec-1] [o.s.web.servlet.DispatcherServlet] - Initializing Servlet 'dispatcherServlet'
2023-11-23 14:21:36.583 INFO  [http-nio-8085-exec-1] [o.s.web.servlet.DispatcherServlet] - Completed initialization in 1 ms
2023-11-23 14:21:36.615 INFO  [http-nio-8085-exec-1] [com.zaxxer.hikari.HikariDataSource] - HikariPool-1 - Starting...
2023-11-23 14:21:36.658 INFO  [http-nio-8085-exec-1] [com.zaxxer.hikari.HikariDataSource] - HikariPool-1 - Start completed.
2023-11-23 14:21:42.291 INFO  [http-nio-8085-exec-2] [c.c.privatepro05.ctrl.ItemController] - files 매개변수 : [org.springframework.web.multipart.support.StandardMultipartHttpServletRequest$StandardMultipartFile@2ebe890e]
2023-11-23 14:21:42.291 INFO  [http-nio-8085-exec-2] [c.c.privatepro05.ctrl.ItemController] - 업로드 파일개수 : 1
2023-11-23 14:21:42.291 INFO  [http-nio-8085-exec-2] [c.c.privatepro05.ctrl.ItemController] - realPath : D:\sg\privatepro05\src\main\webapp\resources\item\upload
2023-11-23 14:21:42.312 INFO  [http-nio-8085-exec-2] [c.c.privatepro05.ctrl.ItemController] - -------item List--------
2023-11-23 14:21:42.323 INFO  [http-nio-8085-exec-2] [c.c.privatepro05.ctrl.ItemController] - [Item(ino=8, iname=책 더미 2, price=20000, img1=책 더미 3.jpeg, img2=, img3=, img4=, img5=, img6=, img7=, img8=, img9=, img10=, des=책 더미 2 입니다., uname=seo, tel=010-1234-1234, stat=중고, resdate=2023-11-23 14:13:07, cate=교과서), Item(ino=7, iname=책 더미 2, price=20000, img1=책 더미 3.jpeg, img2=, img3=, img4=, img5=, img6=, img7=, img8=, img9=, img10=, des=책 더미 2 입니다., uname=seo, tel=010-1234-1234, stat=중고, resdate=2023-11-23 14:12:44, cate=교과서), Item(ino=2, iname=책 더미 2, price=20000, img1=책 더미 1.jpeg, img2=, img3=, img4=, img5=, img6=, img7=, img8=, img9=, img10=, des=책 더미 2 입니다., uname=seo, tel=010-1234-1234, stat=중고, resdate=2023-11-22 10:45:20, cate=교과서)]
2023-11-23 14:21:48.954 INFO  [http-nio-8085-exec-6] [c.c.privatepro05.ctrl.ItemController] - files 매개변수 : [org.springframework.web.multipart.support.StandardMultipartHttpServletRequest$StandardMultipartFile@ed89e35]
2023-11-23 14:21:48.955 INFO  [http-nio-8085-exec-6] [c.c.privatepro05.ctrl.ItemController] - 업로드 파일개수 : 1
2023-11-23 14:21:48.956 INFO  [http-nio-8085-exec-6] [c.c.privatepro05.ctrl.ItemController] - realPath : D:\sg\privatepro05\src\main\webapp\resources\item\upload
2023-11-23 14:21:48.964 INFO  [http-nio-8085-exec-1] [c.c.privatepro05.ctrl.ItemController] - -------item List--------
2023-11-23 14:21:48.964 INFO  [http-nio-8085-exec-1] [c.c.privatepro05.ctrl.ItemController] - [Item(ino=8, iname=책 더미 2, price=20000, img1=책 더미 3.jpeg, img2=, img3=, img4=, img5=, img6=, img7=, img8=, img9=, img10=, des=책 더미 2 입니다., uname=seo, tel=010-1234-1234, stat=중고, resdate=2023-11-23 14:13:07, cate=교과서), Item(ino=7, iname=책 더미 2, price=20000, img1=책 더미 3.jpeg, img2=, img3=, img4=, img5=, img6=, img7=, img8=, img9=, img10=, des=책 더미 2 입니다., uname=seo, tel=010-1234-1234, stat=중고, resdate=2023-11-23 14:12:44, cate=교과서), Item(ino=2, iname=책 더미 2, price=20000, img1=책 더미 1.jpeg, img2=, img3=, img4=, img5=, img6=, img7=, img8=, img9=, img10=, des=책 더미 2 입니다., uname=seo, tel=010-1234-1234, stat=중고, resdate=2023-11-22 10:45:20, cate=교과서)]
2023-11-23 14:21:54.396 INFO  [http-nio-8085-exec-4] [c.c.privatepro05.ctrl.ItemController] - files 매개변수 : [org.springframework.web.multipart.support.StandardMultipartHttpServletRequest$StandardMultipartFile@383ba8ad]
2023-11-23 14:21:54.397 INFO  [http-nio-8085-exec-4] [c.c.privatepro05.ctrl.ItemController] - 업로드 파일개수 : 1
2023-11-23 14:21:54.397 INFO  [http-nio-8085-exec-4] [c.c.privatepro05.ctrl.ItemController] - realPath : D:\sg\privatepro05\src\main\webapp\resources\item\upload
2023-11-23 14:21:54.408 INFO  [http-nio-8085-exec-8] [c.c.privatepro05.ctrl.ItemController] - -------item List--------
2023-11-23 14:21:54.408 INFO  [http-nio-8085-exec-8] [c.c.privatepro05.ctrl.ItemController] - [Item(ino=8, iname=책 더미 2, price=20000, img1=책 더미 2.jpeg, img2=, img3=, img4=, img5=, img6=, img7=, img8=, img9=, img10=, des=책 더미 2 입니다., uname=seo, tel=010-1234-1234, stat=중고, resdate=2023-11-23 14:13:07, cate=교과서), Item(ino=7, iname=책 더미 2, price=20000, img1=책 더미 3.jpeg, img2=, img3=, img4=, img5=, img6=, img7=, img8=, img9=, img10=, des=책 더미 2 입니다., uname=seo, tel=010-1234-1234, stat=중고, resdate=2023-11-23 14:12:44, cate=교과서), Item(ino=2, iname=책 더미 2, price=20000, img1=책 더미 1.jpeg, img2=, img3=, img4=, img5=, img6=, img7=, img8=, img9=, img10=, des=책 더미 2 입니다., uname=seo, tel=010-1234-1234, stat=중고, resdate=2023-11-22 10:45:20, cate=교과서)]
2023-11-23 14:22:00.567 INFO  [http-nio-8085-exec-6] [c.c.privatepro05.ctrl.ItemController] - files 매개변수 : [org.springframework.web.multipart.support.StandardMultipartHttpServletRequest$StandardMultipartFile@65681ee6]
2023-11-23 14:22:00.567 INFO  [http-nio-8085-exec-6] [c.c.privatepro05.ctrl.ItemController] - 업로드 파일개수 : 1
2023-11-23 14:22:00.568 INFO  [http-nio-8085-exec-6] [c.c.privatepro05.ctrl.ItemController] - realPath : D:\sg\privatepro05\src\main\webapp\resources\item\upload
2023-11-23 14:22:00.577 INFO  [http-nio-8085-exec-9] [c.c.privatepro05.ctrl.ItemController] - -------item List--------
2023-11-23 14:22:00.578 INFO  [http-nio-8085-exec-9] [c.c.privatepro05.ctrl.ItemController] - [Item(ino=8, iname=책 더미 2, price=20000, img1=책 더미 2.jpeg, img2=, img3=, img4=, img5=, img6=, img7=, img8=, img9=, img10=, des=책 더미 2 입니다., uname=seo, tel=010-1234-1234, stat=중고, resdate=2023-11-23 14:13:07, cate=교과서), Item(ino=7, iname=책 더미 2, price=20000, img1=책 더미 3.jpeg, img2=, img3=, img4=, img5=, img6=, img7=, img8=, img9=, img10=, des=책 더미 2 입니다., uname=seo, tel=010-1234-1234, stat=중고, resdate=2023-11-23 14:12:44, cate=교과서), Item(ino=2, iname=책 더미 21, price=20000, img1=, img2=, img3=, img4=, img5=, img6=, img7=, img8=, img9=, img10=, des=책 더미 2 입니다., uname=seo, tel=010-1234-1234, stat=중고, resdate=2023-11-22 10:45:20, cate=교과서)]
2023-11-23 14:24:58.164 INFO  [SpringApplicationShutdownHook] [com.zaxxer.hikari.HikariDataSource] - HikariPool-1 - Shutdown initiated...
2023-11-23 14:24:58.166 INFO  [SpringApplicationShutdownHook] [com.zaxxer.hikari.HikariDataSource] - HikariPool-1 - Shutdown completed.
2023-11-23 14:25:00.049 INFO  [restartedMain] [c.c.privatepro05.Privatepro05Application] - Starting Privatepro05Application using Java 17.0.7 on FULL8-004 with PID 13856 (D:\sg\privatepro05\build\classes\java\main started by db400tea in D:\sg\privatepro05)
2023-11-23 14:25:00.051 INFO  [restartedMain] [c.c.privatepro05.Privatepro05Application] - No active profile set, falling back to 1 default profile: "default"
2023-11-23 14:25:00.076 INFO  [restartedMain] [o.s.b.d.e.DevToolsPropertyDefaultsPostProcessor] - Devtools property defaults active! Set 'spring.devtools.add-properties' to 'false' to disable
2023-11-23 14:25:00.076 INFO  [restartedMain] [o.s.b.d.e.DevToolsPropertyDefaultsPostProcessor] - For additional web related logging consider setting the 'logging.level.web' property to 'DEBUG'
2023-11-23 14:25:00.671 INFO  [restartedMain] [o.s.b.w.embedded.tomcat.TomcatWebServer] - Tomcat initialized with port(s): 8085 (http)
2023-11-23 14:25:00.676 INFO  [restartedMain] [o.apache.coyote.http11.Http11NioProtocol] - Initializing ProtocolHandler ["http-nio-8085"]
2023-11-23 14:25:00.676 INFO  [restartedMain] [org.apache.catalina.core.StandardService] - Starting service [Tomcat]
2023-11-23 14:25:00.677 INFO  [restartedMain] [org.apache.catalina.core.StandardEngine] - Starting Servlet engine: [Apache Tomcat/9.0.82]
2023-11-23 14:25:00.769 INFO  [restartedMain] [org.apache.jasper.servlet.TldScanner] - At least one JAR was scanned for TLDs yet contained no TLDs. Enable debug logging for this logger for a complete list of JARs that were scanned but no TLDs were found in them. Skipping unneeded JARs during scanning can improve startup time and JSP compilation time.
2023-11-23 14:25:00.773 INFO  [restartedMain] [o.a.c.c.C.[Tomcat].[localhost].[/]] - Initializing Spring embedded WebApplicationContext
2023-11-23 14:25:00.773 INFO  [restartedMain] [o.s.b.w.s.c.ServletWebServerApplicationContext] - Root WebApplicationContext: initialization completed in 697 ms
2023-11-23 14:25:00.994 INFO  [restartedMain] [o.s.b.a.w.s.WelcomePageHandlerMapping] - Adding welcome page template: index
2023-11-23 14:25:01.090 INFO  [restartedMain] [o.s.s.web.DefaultSecurityFilterChain] - Will secure any request with [org.springframework.security.web.session.DisableEncodeUrlFilter@4f04598a, org.springframework.security.web.context.request.async.WebAsyncManagerIntegrationFilter@5ccee823, org.springframework.security.web.context.SecurityContextPersistenceFilter@41d5335c, org.springframework.security.web.header.HeaderWriterFilter@379de79e, org.springframework.security.web.authentication.logout.LogoutFilter@6423a514, org.springframework.security.web.authentication.UsernamePasswordAuthenticationFilter@3654a1a8, org.springframework.security.web.session.ConcurrentSessionFilter@7c2de9d8, org.springframework.security.web.savedrequest.RequestCacheAwareFilter@5b19e436, org.springframework.security.web.servletapi.SecurityContextHolderAwareRequestFilter@39d2c3ba, org.springframework.security.web.authentication.AnonymousAuthenticationFilter@5785ec8e, org.springframework.security.web.session.SessionManagementFilter@3e74a0cd, org.springframework.security.web.access.ExceptionTranslationFilter@5f90488a, org.springframework.security.web.access.intercept.FilterSecurityInterceptor@6ac71f9d]
2023-11-23 14:25:01.176 INFO  [restartedMain] [o.s.b.d.a.OptionalLiveReloadServer] - LiveReload server is running on port 35729
2023-11-23 14:25:01.184 INFO  [restartedMain] [o.apache.coyote.http11.Http11NioProtocol] - Starting ProtocolHandler ["http-nio-8085"]
2023-11-23 14:25:01.197 INFO  [restartedMain] [o.s.b.w.embedded.tomcat.TomcatWebServer] - Tomcat started on port(s): 8085 (http) with context path ''
2023-11-23 14:25:01.204 INFO  [restartedMain] [c.c.privatepro05.Privatepro05Application] - Started Privatepro05Application in 1.322 seconds (JVM running for 1.704)
2023-11-23 14:25:05.320 INFO  [http-nio-8085-exec-1] [o.a.c.c.C.[Tomcat].[localhost].[/]] - Initializing Spring DispatcherServlet 'dispatcherServlet'
2023-11-23 14:25:05.320 INFO  [http-nio-8085-exec-1] [o.s.web.servlet.DispatcherServlet] - Initializing Servlet 'dispatcherServlet'
2023-11-23 14:25:05.320 INFO  [http-nio-8085-exec-1] [o.s.web.servlet.DispatcherServlet] - Completed initialization in 0 ms
2023-11-23 14:25:05.350 INFO  [http-nio-8085-exec-1] [com.zaxxer.hikari.HikariDataSource] - HikariPool-1 - Starting...
2023-11-23 14:25:05.390 INFO  [http-nio-8085-exec-1] [com.zaxxer.hikari.HikariDataSource] - HikariPool-1 - Start completed.
2023-11-23 14:25:05.407 INFO  [http-nio-8085-exec-1] [c.c.privatepro05.ctrl.ItemController] - -------item List--------
2023-11-23 14:25:05.413 INFO  [http-nio-8085-exec-1] [c.c.privatepro05.ctrl.ItemController] - [Item(ino=8, iname=책 더미 2, price=20000, img1=책 더미 2.jpeg, img2=, img3=, img4=, img5=, img6=, img7=, img8=, img9=, img10=, des=책 더미 2 입니다., uname=seo, tel=010-1234-1234, stat=중고, resdate=2023-11-23 14:13:07, cate=교과서), Item(ino=7, iname=책 더미 2, price=20000, img1=책 더미 3.jpeg, img2=, img3=, img4=, img5=, img6=, img7=, img8=, img9=, img10=, des=책 더미 2 입니다., uname=seo, tel=010-1234-1234, stat=중고, resdate=2023-11-23 14:12:44, cate=교과서), Item(ino=2, iname=책 더미 21, price=20000, img1=, img2=, img3=, img4=, img5=, img6=, img7=, img8=, img9=, img10=, des=책 더미 2 입니다., uname=seo, tel=010-1234-1234, stat=중고, resdate=2023-11-22 10:45:20, cate=교과서)]
2023-11-23 14:25:11.807 INFO  [http-nio-8085-exec-3] [c.c.privatepro05.ctrl.ItemController] - files 매개변수 : [org.springframework.web.multipart.support.StandardMultipartHttpServletRequest$StandardMultipartFile@697dacd]
2023-11-23 14:25:11.807 INFO  [http-nio-8085-exec-3] [c.c.privatepro05.ctrl.ItemController] - 업로드 파일개수 : 1
2023-11-23 14:25:11.809 INFO  [http-nio-8085-exec-3] [c.c.privatepro05.ctrl.ItemController] - realPath : D:\sg\privatepro05\src\main\webapp\resources\item\upload
2023-11-23 14:25:11.824 INFO  [http-nio-8085-exec-7] [c.c.privatepro05.ctrl.ItemController] - -------item List--------
2023-11-23 14:25:11.824 INFO  [http-nio-8085-exec-7] [c.c.privatepro05.ctrl.ItemController] - [Item(ino=8, iname=책 더미 2, price=20000, img1=책 더미 2.jpeg, img2=, img3=, img4=, img5=, img6=, img7=, img8=, img9=, img10=, des=책 더미 2 입니다., uname=seo, tel=010-1234-1234, stat=중고, resdate=2023-11-23 14:13:07, cate=교과서), Item(ino=7, iname=책 더미 2, price=20000, img1=책 더미 3.jpeg, img2=, img3=, img4=, img5=, img6=, img7=, img8=, img9=, img10=, des=책 더미 2 입니다., uname=seo, tel=010-1234-1234, stat=중고, resdate=2023-11-23 14:12:44, cate=교과서), Item(ino=2, iname=책 더미 21, price=20000, img1=책 더미 3.jpeg, img2=, img3=, img4=, img5=, img6=, img7=, img8=, img9=, img10=, des=책 더미 2 입니다., uname=seo, tel=010-1234-1234, stat=중고, resdate=2023-11-22 10:45:20, cate=교과서)]
2023-11-23 14:25:15.318 INFO  [http-nio-8085-exec-1] [c.c.privatepro05.ctrl.ItemController] - files 매개변수 : [org.springframework.web.multipart.support.StandardMultipartHttpServletRequest$StandardMultipartFile@49cc4259]
2023-11-23 14:25:15.318 INFO  [http-nio-8085-exec-1] [c.c.privatepro05.ctrl.ItemController] - 업로드 파일개수 : 1
2023-11-23 14:25:15.318 INFO  [http-nio-8085-exec-1] [c.c.privatepro05.ctrl.ItemController] - realPath : D:\sg\privatepro05\src\main\webapp\resources\item\upload
2023-11-23 14:25:15.325 INFO  [http-nio-8085-exec-7] [c.c.privatepro05.ctrl.ItemController] - -------item List--------
2023-11-23 14:25:15.325 INFO  [http-nio-8085-exec-7] [c.c.privatepro05.ctrl.ItemController] - [Item(ino=8, iname=책 더미 2, price=20000, img1=책 더미 2.jpeg, img2=, img3=, img4=, img5=, img6=, img7=, img8=, img9=, img10=, des=책 더미 2 입니다., uname=seo, tel=010-1234-1234, stat=중고, resdate=2023-11-23 14:13:07, cate=교과서), Item(ino=7, iname=책 더미 2, price=20000, img1=책 더미 3.jpeg, img2=, img3=, img4=, img5=, img6=, img7=, img8=, img9=, img10=, des=책 더미 2 입니다., uname=seo, tel=010-1234-1234, stat=중고, resdate=2023-11-23 14:12:44, cate=교과서), Item(ino=2, iname=책 더미 21, price=20000, img1=, img2=, img3=, img4=, img5=, img6=, img7=, img8=, img9=, img10=, des=책 더미 2 입니다., uname=seo, tel=010-1234-1234, stat=중고, resdate=2023-11-22 10:45:20, cate=교과서)]
2023-11-23 14:25:21.260 INFO  [http-nio-8085-exec-9] [c.c.privatepro05.ctrl.ItemController] - files 매개변수 : [org.springframework.web.multipart.support.StandardMultipartHttpServletRequest$StandardMultipartFile@5daf0c16]
2023-11-23 14:25:21.260 INFO  [http-nio-8085-exec-9] [c.c.privatepro05.ctrl.ItemController] - 업로드 파일개수 : 1
2023-11-23 14:25:21.261 INFO  [http-nio-8085-exec-9] [c.c.privatepro05.ctrl.ItemController] - realPath : D:\sg\privatepro05\src\main\webapp\resources\item\upload
2023-11-23 14:25:21.276 INFO  [http-nio-8085-exec-9] [c.c.privatepro05.ctrl.ItemController] - -------item List--------
2023-11-23 14:25:21.277 INFO  [http-nio-8085-exec-9] [c.c.privatepro05.ctrl.ItemController] - [Item(ino=8, iname=책 더미 2, price=20000, img1=책 더미 2.jpeg, img2=, img3=, img4=, img5=, img6=, img7=, img8=, img9=, img10=, des=책 더미 2 입니다., uname=seo, tel=010-1234-1234, stat=중고, resdate=2023-11-23 14:13:07, cate=교과서), Item(ino=7, iname=책 더미 2, price=20000, img1=책 더미 3.jpeg, img2=, img3=, img4=, img5=, img6=, img7=, img8=, img9=, img10=, des=책 더미 2 입니다., uname=seo, tel=010-1234-1234, stat=중고, resdate=2023-11-23 14:12:44, cate=교과서), Item(ino=2, iname=책 더미 21, price=20000, img1=책 더미 2.jpeg, img2=, img3=, img4=, img5=, img6=, img7=, img8=, img9=, img10=, des=책 더미 2 입니다., uname=seo, tel=010-1234-1234, stat=중고, resdate=2023-11-22 10:45:20, cate=교과서)]
2023-11-23 14:25:34.407 INFO  [http-nio-8085-exec-4] [c.c.privatepro05.ctrl.ItemController] - -------item List--------
2023-11-23 14:25:34.408 INFO  [http-nio-8085-exec-4] [c.c.privatepro05.ctrl.ItemController] - [Item(ino=8, iname=책 더미 2, price=20000, img1=책 더미 2.jpeg, img2=, img3=, img4=, img5=, img6=, img7=, img8=, img9=, img10=, des=책 더미 2 입니다., uname=seo, tel=010-1234-1234, stat=중고, resdate=2023-11-23 14:13:07, cate=교과서), Item(ino=7, iname=책 더미 2, price=20000, img1=책 더미 3.jpeg, img2=, img3=, img4=, img5=, img6=, img7=, img8=, img9=, img10=, des=책 더미 2 입니다., uname=seo, tel=010-1234-1234, stat=중고, resdate=2023-11-23 14:12:44, cate=교과서), Item(ino=2, iname=책 더미 21, price=20000, img1=책 더미 2.jpeg, img2=, img3=, img4=, img5=, img6=, img7=, img8=, img9=, img10=, des=책 더미 2 입니다., uname=seo, tel=010-1234-1234, stat=중고, resdate=2023-11-22 10:45:20, cate=교과서)]
2023-11-23 14:47:22.019 INFO  [SpringApplicationShutdownHook] [com.zaxxer.hikari.HikariDataSource] - HikariPool-1 - Shutdown initiated...
2023-11-23 14:47:22.021 INFO  [SpringApplicationShutdownHook] [com.zaxxer.hikari.HikariDataSource] - HikariPool-1 - Shutdown completed.
2023-11-23 17:34:29.248 INFO  [restartedMain] [c.c.privatepro05.Privatepro05Application] - Starting Privatepro05Application using Java 17.0.7 on FULL8-004 with PID 18792 (D:\sg\privatepro05\build\classes\java\main started by db400tea in D:\sg\privatepro05)
2023-11-23 17:34:29.250 INFO  [restartedMain] [c.c.privatepro05.Privatepro05Application] - No active profile set, falling back to 1 default profile: "default"
2023-11-23 17:34:29.272 INFO  [restartedMain] [o.s.b.d.e.DevToolsPropertyDefaultsPostProcessor] - Devtools property defaults active! Set 'spring.devtools.add-properties' to 'false' to disable
2023-11-23 17:34:29.273 INFO  [restartedMain] [o.s.b.d.e.DevToolsPropertyDefaultsPostProcessor] - For additional web related logging consider setting the 'logging.level.web' property to 'DEBUG'
2023-11-23 17:34:29.861 INFO  [restartedMain] [o.s.b.w.embedded.tomcat.TomcatWebServer] - Tomcat initialized with port(s): 8085 (http)
2023-11-23 17:34:29.866 INFO  [restartedMain] [o.apache.coyote.http11.Http11NioProtocol] - Initializing ProtocolHandler ["http-nio-8085"]
2023-11-23 17:34:29.866 INFO  [restartedMain] [org.apache.catalina.core.StandardService] - Starting service [Tomcat]
2023-11-23 17:34:29.866 INFO  [restartedMain] [org.apache.catalina.core.StandardEngine] - Starting Servlet engine: [Apache Tomcat/9.0.82]
2023-11-23 17:34:29.963 INFO  [restartedMain] [org.apache.jasper.servlet.TldScanner] - At least one JAR was scanned for TLDs yet contained no TLDs. Enable debug logging for this logger for a complete list of JARs that were scanned but no TLDs were found in them. Skipping unneeded JARs during scanning can improve startup time and JSP compilation time.
2023-11-23 17:34:29.967 INFO  [restartedMain] [o.a.c.c.C.[Tomcat].[localhost].[/]] - Initializing Spring embedded WebApplicationContext
2023-11-23 17:34:29.968 INFO  [restartedMain] [o.s.b.w.s.c.ServletWebServerApplicationContext] - Root WebApplicationContext: initialization completed in 695 ms
2023-11-23 17:34:30.190 INFO  [restartedMain] [o.s.b.a.w.s.WelcomePageHandlerMapping] - Adding welcome page template: index
2023-11-23 17:34:30.286 INFO  [restartedMain] [o.s.s.web.DefaultSecurityFilterChain] - Will secure any request with [org.springframework.security.web.session.DisableEncodeUrlFilter@761990c6, org.springframework.security.web.context.request.async.WebAsyncManagerIntegrationFilter@2b6922c3, org.springframework.security.web.context.SecurityContextPersistenceFilter@157bcfda, org.springframework.security.web.header.HeaderWriterFilter@5b26dc5e, org.springframework.security.web.authentication.logout.LogoutFilter@6b3c1bdf, org.springframework.security.web.authentication.UsernamePasswordAuthenticationFilter@40e3a9d7, org.springframework.security.web.session.ConcurrentSessionFilter@5a226c9b, org.springframework.security.web.savedrequest.RequestCacheAwareFilter@11880533, org.springframework.security.web.servletapi.SecurityContextHolderAwareRequestFilter@73882236, org.springframework.security.web.authentication.AnonymousAuthenticationFilter@b485f4e, org.springframework.security.web.session.SessionManagementFilter@14437499, org.springframework.security.web.access.ExceptionTranslationFilter@3360289c, org.springframework.security.web.access.intercept.FilterSecurityInterceptor@46d388b5]
2023-11-23 17:34:30.376 INFO  [restartedMain] [o.s.b.d.a.OptionalLiveReloadServer] - LiveReload server is running on port 35729
2023-11-23 17:34:30.383 INFO  [restartedMain] [o.apache.coyote.http11.Http11NioProtocol] - Starting ProtocolHandler ["http-nio-8085"]
2023-11-23 17:34:30.396 INFO  [restartedMain] [o.s.b.w.embedded.tomcat.TomcatWebServer] - Tomcat started on port(s): 8085 (http) with context path ''
2023-11-23 17:34:30.403 INFO  [restartedMain] [c.c.privatepro05.Privatepro05Application] - Started Privatepro05Application in 1.327 seconds (JVM running for 1.708)
2023-11-23 17:34:39.916 INFO  [http-nio-8085-exec-1] [o.a.c.c.C.[Tomcat].[localhost].[/]] - Initializing Spring DispatcherServlet 'dispatcherServlet'
2023-11-23 17:34:39.916 INFO  [http-nio-8085-exec-1] [o.s.web.servlet.DispatcherServlet] - Initializing Servlet 'dispatcherServlet'
2023-11-23 17:34:39.917 INFO  [http-nio-8085-exec-1] [o.s.web.servlet.DispatcherServlet] - Completed initialization in 1 ms
2023-11-23 17:35:20.592 INFO  [http-nio-8085-exec-3] [com.zaxxer.hikari.HikariDataSource] - HikariPool-1 - Starting...
2023-11-23 17:35:20.668 INFO  [http-nio-8085-exec-3] [com.zaxxer.hikari.HikariDataSource] - HikariPool-1 - Start completed.
2023-11-23 17:35:20.771 INFO  [http-nio-8085-exec-4] [c.c.privatepro05.ctrl.ItemController] - -------item List--------
2023-11-23 17:35:20.792 INFO  [http-nio-8085-exec-4] [c.c.privatepro05.ctrl.ItemController] - [Item(ino=8, iname=책 더미 2, price=20000, img1=책 더미 2.jpeg, img2=, img3=, img4=, img5=, img6=, img7=, img8=, img9=, img10=, des=책 더미 2 입니다., uname=seo, tel=010-1234-1234, stat=중고, resdate=2023-11-23 14:13:07, cate=교과서), Item(ino=7, iname=책 더미 2, price=20000, img1=책 더미 3.jpeg, img2=, img3=, img4=, img5=, img6=, img7=, img8=, img9=, img10=, des=책 더미 2 입니다., uname=seo, tel=010-1234-1234, stat=중고, resdate=2023-11-23 14:12:44, cate=교과서), Item(ino=2, iname=책 더미 21, price=20000, img1=책 더미 2.jpeg, img2=, img3=, img4=, img5=, img6=, img7=, img8=, img9=, img10=, des=책 더미 2 입니다., uname=seo, tel=010-1234-1234, stat=중고, resdate=2023-11-22 10:45:20, cate=교과서)]
2023-11-23 17:38:19.118 INFO  [http-nio-8085-exec-10] [c.c.privatepro05.ctrl.UserController] - ----- MyInfo -----
2023-11-23 17:38:19.122 INFO  [http-nio-8085-exec-10] [c.c.privatepro05.ctrl.UserController] - Kuser(id=3, name=admin, password=$2a$10$B1eSQwtXQMZIht3sHOWS7.a/wOmnXT9T3EqYwl7qBbOfAuj8YuKvW, username=관리자, email=admin@gmail.com, address=구로, tel=010-0000-0000, regdate=2023-11-16 14:00:03, lev=ADMIN, act=JOIN)
2023-11-23 17:50:12.043 INFO  [SpringApplicationShutdownHook] [com.zaxxer.hikari.HikariDataSource] - HikariPool-1 - Shutdown initiated...
2023-11-23 17:50:12.045 INFO  [SpringApplicationShutdownHook] [com.zaxxer.hikari.HikariDataSource] - HikariPool-1 - Shutdown completed.
