2023-11-13 14:30:59.928 INFO  [restartedMain] [c.c.privatepro05.Privatepro05Application] - Starting Privatepro05Application using Java 17.0.7 on FULL8-004 with PID 13344 (D:\sg\privatepro05\build\classes\java\main started by db400tea in D:\sg\privatepro05)
2023-11-13 14:30:59.932 INFO  [restartedMain] [c.c.privatepro05.Privatepro05Application] - No active profile set, falling back to 1 default profile: "default"
2023-11-13 14:30:59.957 INFO  [restartedMain] [o.s.b.d.e.DevToolsPropertyDefaultsPostProcessor] - Devtools property defaults active! Set 'spring.devtools.add-properties' to 'false' to disable
2023-11-13 14:30:59.957 INFO  [restartedMain] [o.s.b.d.e.DevToolsPropertyDefaultsPostProcessor] - For additional web related logging consider setting the 'logging.level.web' property to 'DEBUG'
2023-11-13 14:31:00.573 INFO  [restartedMain] [o.s.b.w.embedded.tomcat.TomcatWebServer] - Tomcat initialized with port(s): 8085 (http)
2023-11-13 14:31:00.577 INFO  [restartedMain] [o.apache.coyote.http11.Http11NioProtocol] - Initializing ProtocolHandler ["http-nio-8085"]
2023-11-13 14:31:00.578 INFO  [restartedMain] [org.apache.catalina.core.StandardService] - Starting service [Tomcat]
2023-11-13 14:31:00.578 INFO  [restartedMain] [org.apache.catalina.core.StandardEngine] - Starting Servlet engine: [Apache Tomcat/9.0.82]
2023-11-13 14:31:00.681 INFO  [restartedMain] [org.apache.jasper.servlet.TldScanner] - At least one JAR was scanned for TLDs yet contained no TLDs. Enable debug logging for this logger for a complete list of JARs that were scanned but no TLDs were found in them. Skipping unneeded JARs during scanning can improve startup time and JSP compilation time.
2023-11-13 14:31:00.686 INFO  [restartedMain] [o.a.c.c.C.[Tomcat].[localhost].[/]] - Initializing Spring embedded WebApplicationContext
2023-11-13 14:31:00.686 INFO  [restartedMain] [o.s.b.w.s.c.ServletWebServerApplicationContext] - Root WebApplicationContext: initialization completed in 728 ms
2023-11-13 14:31:00.945 INFO  [restartedMain] [o.s.b.a.w.s.WelcomePageHandlerMapping] - Adding welcome page template: index
2023-11-13 14:31:01.036 INFO  [restartedMain] [o.s.s.web.DefaultSecurityFilterChain] - Will secure any request with [org.springframework.security.web.session.DisableEncodeUrlFilter@dcfd0c9, org.springframework.security.web.context.request.async.WebAsyncManagerIntegrationFilter@3fadab7c, org.springframework.security.web.context.SecurityContextPersistenceFilter@874ea97, org.springframework.security.web.header.HeaderWriterFilter@62f53ec6, org.springframework.security.web.authentication.logout.LogoutFilter@3d700469, org.springframework.security.web.authentication.UsernamePasswordAuthenticationFilter@5af3cffc, org.springframework.security.web.session.ConcurrentSessionFilter@58fd9528, org.springframework.security.web.savedrequest.RequestCacheAwareFilter@6a63be64, org.springframework.security.web.servletapi.SecurityContextHolderAwareRequestFilter@629a60fc, org.springframework.security.web.authentication.AnonymousAuthenticationFilter@1bed097a, org.springframework.security.web.session.SessionManagementFilter@414d1990, org.springframework.security.web.access.ExceptionTranslationFilter@5e3f8af1, org.springframework.security.web.access.intercept.FilterSecurityInterceptor@5e13aca]
2023-11-13 14:31:01.123 INFO  [restartedMain] [o.s.b.d.a.OptionalLiveReloadServer] - LiveReload server is running on port 35729
2023-11-13 14:31:01.131 INFO  [restartedMain] [o.apache.coyote.http11.Http11NioProtocol] - Starting ProtocolHandler ["http-nio-8085"]
2023-11-13 14:31:01.144 INFO  [restartedMain] [o.s.b.w.embedded.tomcat.TomcatWebServer] - Tomcat started on port(s): 8085 (http) with context path ''
2023-11-13 14:31:01.151 INFO  [restartedMain] [c.c.privatepro05.Privatepro05Application] - Started Privatepro05Application in 1.382 seconds (JVM running for 1.743)
2023-11-13 14:32:30.351 INFO  [http-nio-8085-exec-1] [o.a.c.c.C.[Tomcat].[localhost].[/]] - Initializing Spring DispatcherServlet 'dispatcherServlet'
2023-11-13 14:32:30.351 INFO  [http-nio-8085-exec-1] [o.s.web.servlet.DispatcherServlet] - Initializing Servlet 'dispatcherServlet'
2023-11-13 14:32:30.351 INFO  [http-nio-8085-exec-1] [o.s.web.servlet.DispatcherServlet] - Completed initialization in 0 ms
2023-11-13 14:32:41.617 INFO  [http-nio-8085-exec-1] [com.zaxxer.hikari.HikariDataSource] - HikariPool-1 - Starting...
2023-11-13 14:32:41.684 INFO  [http-nio-8085-exec-1] [com.zaxxer.hikari.HikariDataSource] - HikariPool-1 - Start completed.
2023-11-13 14:40:02.914 INFO  [SpringApplicationShutdownHook] [com.zaxxer.hikari.HikariDataSource] - HikariPool-1 - Shutdown initiated...
2023-11-13 14:40:02.916 INFO  [SpringApplicationShutdownHook] [com.zaxxer.hikari.HikariDataSource] - HikariPool-1 - Shutdown completed.
2023-11-13 17:21:09.476 INFO  [restartedMain] [c.c.privatepro05.Privatepro05Application] - Starting Privatepro05Application using Java 17.0.7 on FULL8-004 with PID 9092 (D:\sg\privatepro05\build\classes\java\main started by db400tea in D:\sg\privatepro05)
2023-11-13 17:21:09.478 INFO  [restartedMain] [c.c.privatepro05.Privatepro05Application] - No active profile set, falling back to 1 default profile: "default"
2023-11-13 17:21:09.503 INFO  [restartedMain] [o.s.b.d.e.DevToolsPropertyDefaultsPostProcessor] - Devtools property defaults active! Set 'spring.devtools.add-properties' to 'false' to disable
2023-11-13 17:21:09.503 INFO  [restartedMain] [o.s.b.d.e.DevToolsPropertyDefaultsPostProcessor] - For additional web related logging consider setting the 'logging.level.web' property to 'DEBUG'
2023-11-13 17:21:10.103 INFO  [restartedMain] [o.s.b.w.embedded.tomcat.TomcatWebServer] - Tomcat initialized with port(s): 8085 (http)
2023-11-13 17:21:10.107 INFO  [restartedMain] [o.apache.coyote.http11.Http11NioProtocol] - Initializing ProtocolHandler ["http-nio-8085"]
2023-11-13 17:21:10.108 INFO  [restartedMain] [org.apache.catalina.core.StandardService] - Starting service [Tomcat]
2023-11-13 17:21:10.108 INFO  [restartedMain] [org.apache.catalina.core.StandardEngine] - Starting Servlet engine: [Apache Tomcat/9.0.82]
2023-11-13 17:21:10.209 INFO  [restartedMain] [org.apache.jasper.servlet.TldScanner] - At least one JAR was scanned for TLDs yet contained no TLDs. Enable debug logging for this logger for a complete list of JARs that were scanned but no TLDs were found in them. Skipping unneeded JARs during scanning can improve startup time and JSP compilation time.
2023-11-13 17:21:10.213 INFO  [restartedMain] [o.a.c.c.C.[Tomcat].[localhost].[/]] - Initializing Spring embedded WebApplicationContext
2023-11-13 17:21:10.213 INFO  [restartedMain] [o.s.b.w.s.c.ServletWebServerApplicationContext] - Root WebApplicationContext: initialization completed in 710 ms
2023-11-13 17:21:10.427 INFO  [restartedMain] [o.s.b.a.w.s.WelcomePageHandlerMapping] - Adding welcome page template: index
2023-11-13 17:21:10.518 INFO  [restartedMain] [o.s.s.web.DefaultSecurityFilterChain] - Will secure any request with [org.springframework.security.web.session.DisableEncodeUrlFilter@53b33575, org.springframework.security.web.context.request.async.WebAsyncManagerIntegrationFilter@3b1283a0, org.springframework.security.web.context.SecurityContextPersistenceFilter@4ec91d2e, org.springframework.security.web.header.HeaderWriterFilter@6325110a, org.springframework.security.web.authentication.logout.LogoutFilter@385ba0d2, org.springframework.security.web.authentication.UsernamePasswordAuthenticationFilter@5897cc3a, org.springframework.security.web.session.ConcurrentSessionFilter@60b72398, org.springframework.security.web.savedrequest.RequestCacheAwareFilter@6e8b7253, org.springframework.security.web.servletapi.SecurityContextHolderAwareRequestFilter@67494955, org.springframework.security.web.authentication.AnonymousAuthenticationFilter@504b2481, org.springframework.security.web.session.SessionManagementFilter@7dae7a04, org.springframework.security.web.access.ExceptionTranslationFilter@25974a5, org.springframework.security.web.access.intercept.FilterSecurityInterceptor@312a9af]
2023-11-13 17:21:10.607 INFO  [restartedMain] [o.s.b.d.a.OptionalLiveReloadServer] - LiveReload server is running on port 35729
2023-11-13 17:21:10.615 INFO  [restartedMain] [o.apache.coyote.http11.Http11NioProtocol] - Starting ProtocolHandler ["http-nio-8085"]
2023-11-13 17:21:10.628 INFO  [restartedMain] [o.s.b.w.embedded.tomcat.TomcatWebServer] - Tomcat started on port(s): 8085 (http) with context path ''
2023-11-13 17:21:10.635 INFO  [restartedMain] [c.c.privatepro05.Privatepro05Application] - Started Privatepro05Application in 1.329 seconds (JVM running for 1.756)
2023-11-13 17:21:18.177 INFO  [http-nio-8085-exec-1] [o.a.c.c.C.[Tomcat].[localhost].[/]] - Initializing Spring DispatcherServlet 'dispatcherServlet'
2023-11-13 17:21:18.177 INFO  [http-nio-8085-exec-1] [o.s.web.servlet.DispatcherServlet] - Initializing Servlet 'dispatcherServlet'
2023-11-13 17:21:18.177 INFO  [http-nio-8085-exec-1] [o.s.web.servlet.DispatcherServlet] - Completed initialization in 0 ms
2023-11-13 17:21:25.296 INFO  [http-nio-8085-exec-5] [com.zaxxer.hikari.HikariDataSource] - HikariPool-1 - Starting...
2023-11-13 17:21:25.370 INFO  [http-nio-8085-exec-5] [com.zaxxer.hikari.HikariDataSource] - HikariPool-1 - Start completed.
2023-11-13 17:21:32.091 INFO  [http-nio-8085-exec-7] [c.c.privatepro05.biz.FreeServiceImpl] - service free : Free(no=0, title=1234, content=1234, resdate=null, visit=0, id=seo)
2023-11-13 17:37:46.763 INFO  [SpringApplicationShutdownHook] [com.zaxxer.hikari.HikariDataSource] - HikariPool-1 - Shutdown initiated...
2023-11-13 17:37:46.766 INFO  [SpringApplicationShutdownHook] [com.zaxxer.hikari.HikariDataSource] - HikariPool-1 - Shutdown completed.
