2023-11-21 09:00:12.198 INFO  [restartedMain] [c.c.privatepro05.Privatepro05Application] - Starting Privatepro05Application using Java 17.0.7 on FULL8-004 with PID 7572 (D:\sg\privatepro05\build\classes\java\main started by db400tea in D:\sg\privatepro05)
2023-11-21 09:00:12.202 INFO  [restartedMain] [c.c.privatepro05.Privatepro05Application] - No active profile set, falling back to 1 default profile: "default"
2023-11-21 09:00:12.235 INFO  [restartedMain] [o.s.b.d.e.DevToolsPropertyDefaultsPostProcessor] - Devtools property defaults active! Set 'spring.devtools.add-properties' to 'false' to disable
2023-11-21 09:00:12.235 INFO  [restartedMain] [o.s.b.d.e.DevToolsPropertyDefaultsPostProcessor] - For additional web related logging consider setting the 'logging.level.web' property to 'DEBUG'
2023-11-21 09:00:12.982 INFO  [restartedMain] [o.s.b.w.embedded.tomcat.TomcatWebServer] - Tomcat initialized with port(s): 8085 (http)
2023-11-21 09:00:12.987 INFO  [restartedMain] [o.apache.coyote.http11.Http11NioProtocol] - Initializing ProtocolHandler ["http-nio-8085"]
2023-11-21 09:00:12.988 INFO  [restartedMain] [org.apache.catalina.core.StandardService] - Starting service [Tomcat]
2023-11-21 09:00:12.988 INFO  [restartedMain] [org.apache.catalina.core.StandardEngine] - Starting Servlet engine: [Apache Tomcat/9.0.82]
2023-11-21 09:00:13.096 INFO  [restartedMain] [org.apache.jasper.servlet.TldScanner] - At least one JAR was scanned for TLDs yet contained no TLDs. Enable debug logging for this logger for a complete list of JARs that were scanned but no TLDs were found in them. Skipping unneeded JARs during scanning can improve startup time and JSP compilation time.
2023-11-21 09:00:13.100 INFO  [restartedMain] [o.a.c.c.C.[Tomcat].[localhost].[/]] - Initializing Spring embedded WebApplicationContext
2023-11-21 09:00:13.100 INFO  [restartedMain] [o.s.b.w.s.c.ServletWebServerApplicationContext] - Root WebApplicationContext: initialization completed in 865 ms
2023-11-21 09:00:13.378 INFO  [restartedMain] [o.s.b.a.w.s.WelcomePageHandlerMapping] - Adding welcome page template: index
2023-11-21 09:00:13.470 INFO  [restartedMain] [o.s.s.web.DefaultSecurityFilterChain] - Will secure any request with [org.springframework.security.web.session.DisableEncodeUrlFilter@46093a9d, org.springframework.security.web.context.request.async.WebAsyncManagerIntegrationFilter@2437082d, org.springframework.security.web.context.SecurityContextPersistenceFilter@7bef4a91, org.springframework.security.web.header.HeaderWriterFilter@4f185774, org.springframework.security.web.authentication.logout.LogoutFilter@58419918, org.springframework.security.web.authentication.UsernamePasswordAuthenticationFilter@597d3318, org.springframework.security.web.session.ConcurrentSessionFilter@60d1c2f9, org.springframework.security.web.savedrequest.RequestCacheAwareFilter@54ac4384, org.springframework.security.web.servletapi.SecurityContextHolderAwareRequestFilter@640b9d81, org.springframework.security.web.authentication.AnonymousAuthenticationFilter@12dbe84a, org.springframework.security.web.session.SessionManagementFilter@59166bd9, org.springframework.security.web.access.ExceptionTranslationFilter@1b47289, org.springframework.security.web.access.intercept.FilterSecurityInterceptor@30bed74d]
2023-11-21 09:00:13.567 INFO  [restartedMain] [o.s.b.d.a.OptionalLiveReloadServer] - LiveReload server is running on port 35729
2023-11-21 09:00:13.575 INFO  [restartedMain] [o.apache.coyote.http11.Http11NioProtocol] - Starting ProtocolHandler ["http-nio-8085"]
2023-11-21 09:00:13.590 INFO  [restartedMain] [o.s.b.w.embedded.tomcat.TomcatWebServer] - Tomcat started on port(s): 8085 (http) with context path ''
2023-11-21 09:00:13.597 INFO  [restartedMain] [c.c.privatepro05.Privatepro05Application] - Started Privatepro05Application in 1.596 seconds (JVM running for 2.06)
2023-11-21 10:28:38.196 INFO  [restartedMain] [c.c.privatepro05.Privatepro05Application] - Starting Privatepro05Application using Java 17.0.7 on FULL8-004 with PID 4456 (D:\sg\privatepro05\build\classes\java\main started by db400tea in D:\sg\privatepro05)
2023-11-21 10:28:38.198 INFO  [restartedMain] [c.c.privatepro05.Privatepro05Application] - No active profile set, falling back to 1 default profile: "default"
2023-11-21 10:28:38.224 INFO  [restartedMain] [o.s.b.d.e.DevToolsPropertyDefaultsPostProcessor] - Devtools property defaults active! Set 'spring.devtools.add-properties' to 'false' to disable
2023-11-21 10:28:38.224 INFO  [restartedMain] [o.s.b.d.e.DevToolsPropertyDefaultsPostProcessor] - For additional web related logging consider setting the 'logging.level.web' property to 'DEBUG'
2023-11-21 10:28:38.839 INFO  [restartedMain] [o.s.b.w.embedded.tomcat.TomcatWebServer] - Tomcat initialized with port(s): 8085 (http)
2023-11-21 10:28:38.843 INFO  [restartedMain] [o.apache.coyote.http11.Http11NioProtocol] - Initializing ProtocolHandler ["http-nio-8085"]
2023-11-21 10:28:38.844 INFO  [restartedMain] [org.apache.catalina.core.StandardService] - Starting service [Tomcat]
2023-11-21 10:28:38.844 INFO  [restartedMain] [org.apache.catalina.core.StandardEngine] - Starting Servlet engine: [Apache Tomcat/9.0.82]
2023-11-21 10:28:38.950 INFO  [restartedMain] [org.apache.jasper.servlet.TldScanner] - At least one JAR was scanned for TLDs yet contained no TLDs. Enable debug logging for this logger for a complete list of JARs that were scanned but no TLDs were found in them. Skipping unneeded JARs during scanning can improve startup time and JSP compilation time.
2023-11-21 10:28:38.955 INFO  [restartedMain] [o.a.c.c.C.[Tomcat].[localhost].[/]] - Initializing Spring embedded WebApplicationContext
2023-11-21 10:28:38.955 INFO  [restartedMain] [o.s.b.w.s.c.ServletWebServerApplicationContext] - Root WebApplicationContext: initialization completed in 730 ms
2023-11-21 10:28:39.189 INFO  [restartedMain] [o.s.b.a.w.s.WelcomePageHandlerMapping] - Adding welcome page template: index
2023-11-21 10:28:39.277 INFO  [restartedMain] [o.s.s.web.DefaultSecurityFilterChain] - Will secure any request with [org.springframework.security.web.session.DisableEncodeUrlFilter@11875ea5, org.springframework.security.web.context.request.async.WebAsyncManagerIntegrationFilter@7050faac, org.springframework.security.web.context.SecurityContextPersistenceFilter@78387ed8, org.springframework.security.web.header.HeaderWriterFilter@6fe3bd01, org.springframework.security.web.authentication.logout.LogoutFilter@4fc0f50c, org.springframework.security.web.authentication.UsernamePasswordAuthenticationFilter@2c16b9a8, org.springframework.security.web.session.ConcurrentSessionFilter@3768a1c1, org.springframework.security.web.savedrequest.RequestCacheAwareFilter@4f1dfd38, org.springframework.security.web.servletapi.SecurityContextHolderAwareRequestFilter@5371990a, org.springframework.security.web.authentication.AnonymousAuthenticationFilter@28d23991, org.springframework.security.web.session.SessionManagementFilter@4d77c1d4, org.springframework.security.web.access.ExceptionTranslationFilter@9668d35, org.springframework.security.web.access.intercept.FilterSecurityInterceptor@669395f6]
2023-11-21 10:28:39.367 INFO  [restartedMain] [o.s.b.d.a.OptionalLiveReloadServer] - LiveReload server is running on port 35729
2023-11-21 10:28:39.375 INFO  [restartedMain] [o.apache.coyote.http11.Http11NioProtocol] - Starting ProtocolHandler ["http-nio-8085"]
2023-11-21 10:28:39.389 INFO  [restartedMain] [o.s.b.w.embedded.tomcat.TomcatWebServer] - Tomcat started on port(s): 8085 (http) with context path ''
2023-11-21 10:28:39.394 INFO  [restartedMain] [c.c.privatepro05.Privatepro05Application] - Started Privatepro05Application in 1.371 seconds (JVM running for 1.751)
2023-11-21 10:33:37.449 INFO  [restartedMain] [c.c.privatepro05.Privatepro05Application] - Starting Privatepro05Application using Java 17.0.7 on FULL8-004 with PID 15184 (D:\sg\privatepro05\build\classes\java\main started by db400tea in D:\sg\privatepro05)
2023-11-21 10:33:37.451 INFO  [restartedMain] [c.c.privatepro05.Privatepro05Application] - No active profile set, falling back to 1 default profile: "default"
2023-11-21 10:33:37.475 INFO  [restartedMain] [o.s.b.d.e.DevToolsPropertyDefaultsPostProcessor] - Devtools property defaults active! Set 'spring.devtools.add-properties' to 'false' to disable
2023-11-21 10:33:37.475 INFO  [restartedMain] [o.s.b.d.e.DevToolsPropertyDefaultsPostProcessor] - For additional web related logging consider setting the 'logging.level.web' property to 'DEBUG'
2023-11-21 10:33:38.043 INFO  [restartedMain] [o.s.b.w.embedded.tomcat.TomcatWebServer] - Tomcat initialized with port(s): 8085 (http)
2023-11-21 10:33:38.047 INFO  [restartedMain] [o.apache.coyote.http11.Http11NioProtocol] - Initializing ProtocolHandler ["http-nio-8085"]
2023-11-21 10:33:38.048 INFO  [restartedMain] [org.apache.catalina.core.StandardService] - Starting service [Tomcat]
2023-11-21 10:33:38.048 INFO  [restartedMain] [org.apache.catalina.core.StandardEngine] - Starting Servlet engine: [Apache Tomcat/9.0.82]
2023-11-21 10:33:38.144 INFO  [restartedMain] [org.apache.jasper.servlet.TldScanner] - At least one JAR was scanned for TLDs yet contained no TLDs. Enable debug logging for this logger for a complete list of JARs that were scanned but no TLDs were found in them. Skipping unneeded JARs during scanning can improve startup time and JSP compilation time.
2023-11-21 10:33:38.148 INFO  [restartedMain] [o.a.c.c.C.[Tomcat].[localhost].[/]] - Initializing Spring embedded WebApplicationContext
2023-11-21 10:33:38.148 INFO  [restartedMain] [o.s.b.w.s.c.ServletWebServerApplicationContext] - Root WebApplicationContext: initialization completed in 673 ms
2023-11-21 10:33:38.365 INFO  [restartedMain] [o.s.b.a.w.s.WelcomePageHandlerMapping] - Adding welcome page template: index
2023-11-21 10:33:38.458 INFO  [restartedMain] [o.s.s.web.DefaultSecurityFilterChain] - Will secure any request with [org.springframework.security.web.session.DisableEncodeUrlFilter@71fb7d85, org.springframework.security.web.context.request.async.WebAsyncManagerIntegrationFilter@721fdf6d, org.springframework.security.web.context.SecurityContextPersistenceFilter@3d700469, org.springframework.security.web.header.HeaderWriterFilter@25feaccd, org.springframework.security.web.authentication.logout.LogoutFilter@776f0b2, org.springframework.security.web.authentication.UsernamePasswordAuthenticationFilter@958ea91, org.springframework.security.web.session.ConcurrentSessionFilter@201eb8f8, org.springframework.security.web.savedrequest.RequestCacheAwareFilter@60a78c80, org.springframework.security.web.servletapi.SecurityContextHolderAwareRequestFilter@77ddc794, org.springframework.security.web.authentication.AnonymousAuthenticationFilter@11edf68a, org.springframework.security.web.session.SessionManagementFilter@73e7e647, org.springframework.security.web.access.ExceptionTranslationFilter@1a96bee9, org.springframework.security.web.access.intercept.FilterSecurityInterceptor@3206881d]
2023-11-21 10:33:38.550 INFO  [restartedMain] [o.s.b.d.a.OptionalLiveReloadServer] - LiveReload server is running on port 35729
2023-11-21 10:33:38.558 INFO  [restartedMain] [o.apache.coyote.http11.Http11NioProtocol] - Starting ProtocolHandler ["http-nio-8085"]
2023-11-21 10:33:38.571 INFO  [restartedMain] [o.s.b.w.embedded.tomcat.TomcatWebServer] - Tomcat started on port(s): 8085 (http) with context path ''
2023-11-21 10:33:38.577 INFO  [restartedMain] [c.c.privatepro05.Privatepro05Application] - Started Privatepro05Application in 1.285 seconds (JVM running for 1.644)
2023-11-21 10:35:02.975 INFO  [restartedMain] [c.c.privatepro05.Privatepro05Application] - Starting Privatepro05Application using Java 17.0.7 on FULL8-004 with PID 15648 (D:\sg\privatepro05\build\classes\java\main started by db400tea in D:\sg\privatepro05)
2023-11-21 10:35:02.977 INFO  [restartedMain] [c.c.privatepro05.Privatepro05Application] - No active profile set, falling back to 1 default profile: "default"
2023-11-21 10:35:03.000 INFO  [restartedMain] [o.s.b.d.e.DevToolsPropertyDefaultsPostProcessor] - Devtools property defaults active! Set 'spring.devtools.add-properties' to 'false' to disable
2023-11-21 10:35:03.000 INFO  [restartedMain] [o.s.b.d.e.DevToolsPropertyDefaultsPostProcessor] - For additional web related logging consider setting the 'logging.level.web' property to 'DEBUG'
2023-11-21 10:35:03.582 INFO  [restartedMain] [o.s.b.w.embedded.tomcat.TomcatWebServer] - Tomcat initialized with port(s): 8085 (http)
2023-11-21 10:35:03.587 INFO  [restartedMain] [o.apache.coyote.http11.Http11NioProtocol] - Initializing ProtocolHandler ["http-nio-8085"]
2023-11-21 10:35:03.588 INFO  [restartedMain] [org.apache.catalina.core.StandardService] - Starting service [Tomcat]
2023-11-21 10:35:03.588 INFO  [restartedMain] [org.apache.catalina.core.StandardEngine] - Starting Servlet engine: [Apache Tomcat/9.0.82]
2023-11-21 10:35:03.682 INFO  [restartedMain] [org.apache.jasper.servlet.TldScanner] - At least one JAR was scanned for TLDs yet contained no TLDs. Enable debug logging for this logger for a complete list of JARs that were scanned but no TLDs were found in them. Skipping unneeded JARs during scanning can improve startup time and JSP compilation time.
2023-11-21 10:35:03.687 INFO  [restartedMain] [o.a.c.c.C.[Tomcat].[localhost].[/]] - Initializing Spring embedded WebApplicationContext
2023-11-21 10:35:03.687 INFO  [restartedMain] [o.s.b.w.s.c.ServletWebServerApplicationContext] - Root WebApplicationContext: initialization completed in 687 ms
2023-11-21 10:35:03.902 INFO  [restartedMain] [o.s.b.a.w.s.WelcomePageHandlerMapping] - Adding welcome page template: index
2023-11-21 10:35:03.993 INFO  [restartedMain] [o.s.s.web.DefaultSecurityFilterChain] - Will secure any request with [org.springframework.security.web.session.DisableEncodeUrlFilter@246345b5, org.springframework.security.web.context.request.async.WebAsyncManagerIntegrationFilter@71fb7d85, org.springframework.security.web.context.SecurityContextPersistenceFilter@395620a8, org.springframework.security.web.header.HeaderWriterFilter@1a96bee9, org.springframework.security.web.authentication.logout.LogoutFilter@a99266a, org.springframework.security.web.authentication.UsernamePasswordAuthenticationFilter@54881051, org.springframework.security.web.session.ConcurrentSessionFilter@6755ded6, org.springframework.security.web.savedrequest.RequestCacheAwareFilter@3d700469, org.springframework.security.web.servletapi.SecurityContextHolderAwareRequestFilter@687cb247, org.springframework.security.web.authentication.AnonymousAuthenticationFilter@721fdf6d, org.springframework.security.web.session.SessionManagementFilter@25feaccd, org.springframework.security.web.access.ExceptionTranslationFilter@4ba583d4, org.springframework.security.web.access.intercept.FilterSecurityInterceptor@5beb0ac7]
2023-11-21 10:35:04.082 INFO  [restartedMain] [o.s.b.d.a.OptionalLiveReloadServer] - LiveReload server is running on port 35729
2023-11-21 10:35:04.090 INFO  [restartedMain] [o.apache.coyote.http11.Http11NioProtocol] - Starting ProtocolHandler ["http-nio-8085"]
2023-11-21 10:35:04.102 INFO  [restartedMain] [o.s.b.w.embedded.tomcat.TomcatWebServer] - Tomcat started on port(s): 8085 (http) with context path ''
2023-11-21 10:35:04.108 INFO  [restartedMain] [c.c.privatepro05.Privatepro05Application] - Started Privatepro05Application in 1.291 seconds (JVM running for 1.647)
2023-11-21 10:35:15.710 INFO  [http-nio-8085-exec-1] [o.a.c.c.C.[Tomcat].[localhost].[/]] - Initializing Spring DispatcherServlet 'dispatcherServlet'
2023-11-21 10:35:15.710 INFO  [http-nio-8085-exec-1] [o.s.web.servlet.DispatcherServlet] - Initializing Servlet 'dispatcherServlet'
2023-11-21 10:35:15.711 INFO  [http-nio-8085-exec-1] [o.s.web.servlet.DispatcherServlet] - Completed initialization in 1 ms
2023-11-21 10:35:20.984 INFO  [http-nio-8085-exec-8] [com.zaxxer.hikari.HikariDataSource] - HikariPool-1 - Starting...
2023-11-21 10:35:21.052 INFO  [http-nio-8085-exec-8] [com.zaxxer.hikari.HikariDataSource] - HikariPool-1 - Start completed.
2023-11-21 10:36:47.795 INFO  [SpringApplicationShutdownHook] [com.zaxxer.hikari.HikariDataSource] - HikariPool-1 - Shutdown initiated...
2023-11-21 10:36:47.795 INFO  [SpringApplicationShutdownHook] [com.zaxxer.hikari.HikariDataSource] - HikariPool-1 - Shutdown completed.
2023-11-21 10:36:50.691 INFO  [restartedMain] [c.c.privatepro05.Privatepro05Application] - Starting Privatepro05Application using Java 17.0.7 on FULL8-004 with PID 2020 (D:\sg\privatepro05\build\classes\java\main started by db400tea in D:\sg\privatepro05)
2023-11-21 10:36:50.693 INFO  [restartedMain] [c.c.privatepro05.Privatepro05Application] - No active profile set, falling back to 1 default profile: "default"
2023-11-21 10:36:50.716 INFO  [restartedMain] [o.s.b.d.e.DevToolsPropertyDefaultsPostProcessor] - Devtools property defaults active! Set 'spring.devtools.add-properties' to 'false' to disable
2023-11-21 10:36:50.716 INFO  [restartedMain] [o.s.b.d.e.DevToolsPropertyDefaultsPostProcessor] - For additional web related logging consider setting the 'logging.level.web' property to 'DEBUG'
2023-11-21 10:36:51.327 INFO  [restartedMain] [o.s.b.w.embedded.tomcat.TomcatWebServer] - Tomcat initialized with port(s): 8085 (http)
2023-11-21 10:36:51.332 INFO  [restartedMain] [o.apache.coyote.http11.Http11NioProtocol] - Initializing ProtocolHandler ["http-nio-8085"]
2023-11-21 10:36:51.332 INFO  [restartedMain] [org.apache.catalina.core.StandardService] - Starting service [Tomcat]
2023-11-21 10:36:51.332 INFO  [restartedMain] [org.apache.catalina.core.StandardEngine] - Starting Servlet engine: [Apache Tomcat/9.0.82]
2023-11-21 10:36:51.429 INFO  [restartedMain] [org.apache.jasper.servlet.TldScanner] - At least one JAR was scanned for TLDs yet contained no TLDs. Enable debug logging for this logger for a complete list of JARs that were scanned but no TLDs were found in them. Skipping unneeded JARs during scanning can improve startup time and JSP compilation time.
2023-11-21 10:36:51.433 INFO  [restartedMain] [o.a.c.c.C.[Tomcat].[localhost].[/]] - Initializing Spring embedded WebApplicationContext
2023-11-21 10:36:51.433 INFO  [restartedMain] [o.s.b.w.s.c.ServletWebServerApplicationContext] - Root WebApplicationContext: initialization completed in 716 ms
2023-11-21 10:36:51.656 INFO  [restartedMain] [o.s.b.a.w.s.WelcomePageHandlerMapping] - Adding welcome page template: index
2023-11-21 10:36:51.754 INFO  [restartedMain] [o.s.s.web.DefaultSecurityFilterChain] - Will secure any request with [org.springframework.security.web.session.DisableEncodeUrlFilter@6fd22340, org.springframework.security.web.context.request.async.WebAsyncManagerIntegrationFilter@26fc7d2, org.springframework.security.web.context.SecurityContextPersistenceFilter@33588aee, org.springframework.security.web.header.HeaderWriterFilter@363d3954, org.springframework.security.web.authentication.logout.LogoutFilter@41d5335c, org.springframework.security.web.authentication.UsernamePasswordAuthenticationFilter@185ea1c1, org.springframework.security.web.session.ConcurrentSessionFilter@503cad6f, org.springframework.security.web.savedrequest.RequestCacheAwareFilter@5c8f94be, org.springframework.security.web.servletapi.SecurityContextHolderAwareRequestFilter@6c3fc79d, org.springframework.security.web.authentication.AnonymousAuthenticationFilter@7b1834c8, org.springframework.security.web.session.SessionManagementFilter@2e42949e, org.springframework.security.web.access.ExceptionTranslationFilter@44facf0f, org.springframework.security.web.access.intercept.FilterSecurityInterceptor@43f7824f]
2023-11-21 10:36:51.844 INFO  [restartedMain] [o.s.b.d.a.OptionalLiveReloadServer] - LiveReload server is running on port 35729
2023-11-21 10:36:51.852 INFO  [restartedMain] [o.apache.coyote.http11.Http11NioProtocol] - Starting ProtocolHandler ["http-nio-8085"]
2023-11-21 10:36:51.865 INFO  [restartedMain] [o.s.b.w.embedded.tomcat.TomcatWebServer] - Tomcat started on port(s): 8085 (http) with context path ''
2023-11-21 10:36:51.872 INFO  [restartedMain] [c.c.privatepro05.Privatepro05Application] - Started Privatepro05Application in 1.35 seconds (JVM running for 1.729)
2023-11-21 10:36:57.177 INFO  [http-nio-8085-exec-1] [o.a.c.c.C.[Tomcat].[localhost].[/]] - Initializing Spring DispatcherServlet 'dispatcherServlet'
2023-11-21 10:36:57.177 INFO  [http-nio-8085-exec-1] [o.s.web.servlet.DispatcherServlet] - Initializing Servlet 'dispatcherServlet'
2023-11-21 10:36:57.177 INFO  [http-nio-8085-exec-1] [o.s.web.servlet.DispatcherServlet] - Completed initialization in 0 ms
2023-11-21 10:38:40.158 INFO  [restartedMain] [c.c.privatepro05.Privatepro05Application] - Starting Privatepro05Application using Java 17.0.7 on FULL8-004 with PID 15608 (D:\sg\privatepro05\build\classes\java\main started by db400tea in D:\sg\privatepro05)
2023-11-21 10:38:40.159 INFO  [restartedMain] [c.c.privatepro05.Privatepro05Application] - No active profile set, falling back to 1 default profile: "default"
2023-11-21 10:38:40.181 INFO  [restartedMain] [o.s.b.d.e.DevToolsPropertyDefaultsPostProcessor] - Devtools property defaults active! Set 'spring.devtools.add-properties' to 'false' to disable
2023-11-21 10:38:40.181 INFO  [restartedMain] [o.s.b.d.e.DevToolsPropertyDefaultsPostProcessor] - For additional web related logging consider setting the 'logging.level.web' property to 'DEBUG'
2023-11-21 10:38:40.746 INFO  [restartedMain] [o.s.b.w.embedded.tomcat.TomcatWebServer] - Tomcat initialized with port(s): 8085 (http)
2023-11-21 10:38:40.750 INFO  [restartedMain] [o.apache.coyote.http11.Http11NioProtocol] - Initializing ProtocolHandler ["http-nio-8085"]
2023-11-21 10:38:40.751 INFO  [restartedMain] [org.apache.catalina.core.StandardService] - Starting service [Tomcat]
2023-11-21 10:38:40.751 INFO  [restartedMain] [org.apache.catalina.core.StandardEngine] - Starting Servlet engine: [Apache Tomcat/9.0.82]
2023-11-21 10:38:40.843 INFO  [restartedMain] [org.apache.jasper.servlet.TldScanner] - At least one JAR was scanned for TLDs yet contained no TLDs. Enable debug logging for this logger for a complete list of JARs that were scanned but no TLDs were found in them. Skipping unneeded JARs during scanning can improve startup time and JSP compilation time.
2023-11-21 10:38:40.847 INFO  [restartedMain] [o.a.c.c.C.[Tomcat].[localhost].[/]] - Initializing Spring embedded WebApplicationContext
2023-11-21 10:38:40.847 INFO  [restartedMain] [o.s.b.w.s.c.ServletWebServerApplicationContext] - Root WebApplicationContext: initialization completed in 666 ms
2023-11-21 10:38:41.060 INFO  [restartedMain] [o.s.b.a.w.s.WelcomePageHandlerMapping] - Adding welcome page template: index
2023-11-21 10:38:41.164 INFO  [restartedMain] [o.s.s.web.DefaultSecurityFilterChain] - Will secure any request with [org.springframework.security.web.session.DisableEncodeUrlFilter@7b1834c8, org.springframework.security.web.context.request.async.WebAsyncManagerIntegrationFilter@3dc308a7, org.springframework.security.web.context.SecurityContextPersistenceFilter@5c8f94be, org.springframework.security.web.header.HeaderWriterFilter@2e42949e, org.springframework.security.web.authentication.logout.LogoutFilter@5b19e436, org.springframework.security.web.authentication.UsernamePasswordAuthenticationFilter@236cae32, org.springframework.security.web.session.ConcurrentSessionFilter@cc798fa, org.springframework.security.web.savedrequest.RequestCacheAwareFilter@1b473f0e, org.springframework.security.web.servletapi.SecurityContextHolderAwareRequestFilter@4dda91bf, org.springframework.security.web.authentication.AnonymousAuthenticationFilter@4375e47c, org.springframework.security.web.session.SessionManagementFilter@62ebed86, org.springframework.security.web.access.ExceptionTranslationFilter@363d3954, org.springframework.security.web.access.intercept.FilterSecurityInterceptor@54919e0e]
2023-11-21 10:38:41.263 INFO  [restartedMain] [o.s.b.d.a.OptionalLiveReloadServer] - LiveReload server is running on port 35729
2023-11-21 10:38:41.272 INFO  [restartedMain] [o.apache.coyote.http11.Http11NioProtocol] - Starting ProtocolHandler ["http-nio-8085"]
2023-11-21 10:38:41.286 INFO  [restartedMain] [o.s.b.w.embedded.tomcat.TomcatWebServer] - Tomcat started on port(s): 8085 (http) with context path ''
2023-11-21 10:38:41.293 INFO  [restartedMain] [c.c.privatepro05.Privatepro05Application] - Started Privatepro05Application in 1.295 seconds (JVM running for 1.657)
2023-11-21 10:38:44.209 INFO  [http-nio-8085-exec-1] [o.a.c.c.C.[Tomcat].[localhost].[/]] - Initializing Spring DispatcherServlet 'dispatcherServlet'
2023-11-21 10:38:44.209 INFO  [http-nio-8085-exec-1] [o.s.web.servlet.DispatcherServlet] - Initializing Servlet 'dispatcherServlet'
2023-11-21 10:38:44.209 INFO  [http-nio-8085-exec-1] [o.s.web.servlet.DispatcherServlet] - Completed initialization in 0 ms
2023-11-21 10:39:12.639 INFO  [restartedMain] [c.c.privatepro05.Privatepro05Application] - Starting Privatepro05Application using Java 17.0.7 on FULL8-004 with PID 13632 (D:\sg\privatepro05\build\classes\java\main started by db400tea in D:\sg\privatepro05)
2023-11-21 10:39:12.641 INFO  [restartedMain] [c.c.privatepro05.Privatepro05Application] - No active profile set, falling back to 1 default profile: "default"
2023-11-21 10:39:12.665 INFO  [restartedMain] [o.s.b.d.e.DevToolsPropertyDefaultsPostProcessor] - Devtools property defaults active! Set 'spring.devtools.add-properties' to 'false' to disable
2023-11-21 10:39:12.666 INFO  [restartedMain] [o.s.b.d.e.DevToolsPropertyDefaultsPostProcessor] - For additional web related logging consider setting the 'logging.level.web' property to 'DEBUG'
2023-11-21 10:39:13.269 INFO  [restartedMain] [o.s.b.w.embedded.tomcat.TomcatWebServer] - Tomcat initialized with port(s): 8085 (http)
2023-11-21 10:39:13.274 INFO  [restartedMain] [o.apache.coyote.http11.Http11NioProtocol] - Initializing ProtocolHandler ["http-nio-8085"]
2023-11-21 10:39:13.275 INFO  [restartedMain] [org.apache.catalina.core.StandardService] - Starting service [Tomcat]
2023-11-21 10:39:13.275 INFO  [restartedMain] [org.apache.catalina.core.StandardEngine] - Starting Servlet engine: [Apache Tomcat/9.0.82]
2023-11-21 10:39:13.373 INFO  [restartedMain] [org.apache.jasper.servlet.TldScanner] - At least one JAR was scanned for TLDs yet contained no TLDs. Enable debug logging for this logger for a complete list of JARs that were scanned but no TLDs were found in them. Skipping unneeded JARs during scanning can improve startup time and JSP compilation time.
2023-11-21 10:39:13.377 INFO  [restartedMain] [o.a.c.c.C.[Tomcat].[localhost].[/]] - Initializing Spring embedded WebApplicationContext
2023-11-21 10:39:13.377 INFO  [restartedMain] [o.s.b.w.s.c.ServletWebServerApplicationContext] - Root WebApplicationContext: initialization completed in 711 ms
2023-11-21 10:39:13.604 INFO  [restartedMain] [o.s.b.a.w.s.WelcomePageHandlerMapping] - Adding welcome page template: index
2023-11-21 10:39:13.698 INFO  [restartedMain] [o.s.s.web.DefaultSecurityFilterChain] - Will secure any request with [org.springframework.security.web.session.DisableEncodeUrlFilter@d2a0be5, org.springframework.security.web.context.request.async.WebAsyncManagerIntegrationFilter@18607313, org.springframework.security.web.context.SecurityContextPersistenceFilter@16549a04, org.springframework.security.web.header.HeaderWriterFilter@6b9375dd, org.springframework.security.web.authentication.logout.LogoutFilter@5858222f, org.springframework.security.web.authentication.UsernamePasswordAuthenticationFilter@712c8e75, org.springframework.security.web.session.ConcurrentSessionFilter@397ea30c, org.springframework.security.web.savedrequest.RequestCacheAwareFilter@58b9809f, org.springframework.security.web.servletapi.SecurityContextHolderAwareRequestFilter@7f6549d9, org.springframework.security.web.authentication.AnonymousAuthenticationFilter@492fd57a, org.springframework.security.web.session.SessionManagementFilter@61096d06, org.springframework.security.web.access.ExceptionTranslationFilter@47e1e4e8, org.springframework.security.web.access.intercept.FilterSecurityInterceptor@5d27923a]
2023-11-21 10:39:13.786 INFO  [restartedMain] [o.s.b.d.a.OptionalLiveReloadServer] - LiveReload server is running on port 35729
2023-11-21 10:39:13.794 INFO  [restartedMain] [o.apache.coyote.http11.Http11NioProtocol] - Starting ProtocolHandler ["http-nio-8085"]
2023-11-21 10:39:13.806 INFO  [restartedMain] [o.s.b.w.embedded.tomcat.TomcatWebServer] - Tomcat started on port(s): 8085 (http) with context path ''
2023-11-21 10:39:13.813 INFO  [restartedMain] [c.c.privatepro05.Privatepro05Application] - Started Privatepro05Application in 1.345 seconds (JVM running for 1.729)
2023-11-21 10:39:16.551 INFO  [http-nio-8085-exec-1] [o.a.c.c.C.[Tomcat].[localhost].[/]] - Initializing Spring DispatcherServlet 'dispatcherServlet'
2023-11-21 10:39:16.551 INFO  [http-nio-8085-exec-1] [o.s.web.servlet.DispatcherServlet] - Initializing Servlet 'dispatcherServlet'
2023-11-21 10:39:16.552 INFO  [http-nio-8085-exec-1] [o.s.web.servlet.DispatcherServlet] - Completed initialization in 1 ms
2023-11-21 10:39:39.480 INFO  [restartedMain] [c.c.privatepro05.Privatepro05Application] - Starting Privatepro05Application using Java 17.0.7 on FULL8-004 with PID 15364 (D:\sg\privatepro05\build\classes\java\main started by db400tea in D:\sg\privatepro05)
2023-11-21 10:39:39.481 INFO  [restartedMain] [c.c.privatepro05.Privatepro05Application] - No active profile set, falling back to 1 default profile: "default"
2023-11-21 10:39:39.502 INFO  [restartedMain] [o.s.b.d.e.DevToolsPropertyDefaultsPostProcessor] - Devtools property defaults active! Set 'spring.devtools.add-properties' to 'false' to disable
2023-11-21 10:39:39.503 INFO  [restartedMain] [o.s.b.d.e.DevToolsPropertyDefaultsPostProcessor] - For additional web related logging consider setting the 'logging.level.web' property to 'DEBUG'
2023-11-21 10:39:40.064 INFO  [restartedMain] [o.s.b.w.embedded.tomcat.TomcatWebServer] - Tomcat initialized with port(s): 8085 (http)
2023-11-21 10:39:40.069 INFO  [restartedMain] [o.apache.coyote.http11.Http11NioProtocol] - Initializing ProtocolHandler ["http-nio-8085"]
2023-11-21 10:39:40.069 INFO  [restartedMain] [org.apache.catalina.core.StandardService] - Starting service [Tomcat]
2023-11-21 10:39:40.070 INFO  [restartedMain] [org.apache.catalina.core.StandardEngine] - Starting Servlet engine: [Apache Tomcat/9.0.82]
2023-11-21 10:39:40.162 INFO  [restartedMain] [org.apache.jasper.servlet.TldScanner] - At least one JAR was scanned for TLDs yet contained no TLDs. Enable debug logging for this logger for a complete list of JARs that were scanned but no TLDs were found in them. Skipping unneeded JARs during scanning can improve startup time and JSP compilation time.
2023-11-21 10:39:40.166 INFO  [restartedMain] [o.a.c.c.C.[Tomcat].[localhost].[/]] - Initializing Spring embedded WebApplicationContext
2023-11-21 10:39:40.166 INFO  [restartedMain] [o.s.b.w.s.c.ServletWebServerApplicationContext] - Root WebApplicationContext: initialization completed in 663 ms
2023-11-21 10:39:40.388 INFO  [restartedMain] [o.s.b.a.w.s.WelcomePageHandlerMapping] - Adding welcome page template: index
2023-11-21 10:39:40.476 INFO  [restartedMain] [o.s.s.web.DefaultSecurityFilterChain] - Will secure any request with [org.springframework.security.web.session.DisableEncodeUrlFilter@7b1834c8, org.springframework.security.web.context.request.async.WebAsyncManagerIntegrationFilter@3dc308a7, org.springframework.security.web.context.SecurityContextPersistenceFilter@5c8f94be, org.springframework.security.web.header.HeaderWriterFilter@2e42949e, org.springframework.security.web.authentication.logout.LogoutFilter@5b19e436, org.springframework.security.web.authentication.UsernamePasswordAuthenticationFilter@236cae32, org.springframework.security.web.session.ConcurrentSessionFilter@cc798fa, org.springframework.security.web.savedrequest.RequestCacheAwareFilter@1b473f0e, org.springframework.security.web.servletapi.SecurityContextHolderAwareRequestFilter@4dda91bf, org.springframework.security.web.authentication.AnonymousAuthenticationFilter@4375e47c, org.springframework.security.web.session.SessionManagementFilter@62ebed86, org.springframework.security.web.access.ExceptionTranslationFilter@363d3954, org.springframework.security.web.access.intercept.FilterSecurityInterceptor@54919e0e]
2023-11-21 10:39:40.566 INFO  [restartedMain] [o.s.b.d.a.OptionalLiveReloadServer] - LiveReload server is running on port 35729
2023-11-21 10:39:40.575 INFO  [restartedMain] [o.apache.coyote.http11.Http11NioProtocol] - Starting ProtocolHandler ["http-nio-8085"]
2023-11-21 10:39:40.587 INFO  [restartedMain] [o.s.b.w.embedded.tomcat.TomcatWebServer] - Tomcat started on port(s): 8085 (http) with context path ''
2023-11-21 10:39:40.593 INFO  [restartedMain] [c.c.privatepro05.Privatepro05Application] - Started Privatepro05Application in 1.274 seconds (JVM running for 1.627)
2023-11-21 10:39:43.968 INFO  [http-nio-8085-exec-1] [o.a.c.c.C.[Tomcat].[localhost].[/]] - Initializing Spring DispatcherServlet 'dispatcherServlet'
2023-11-21 10:39:43.968 INFO  [http-nio-8085-exec-1] [o.s.web.servlet.DispatcherServlet] - Initializing Servlet 'dispatcherServlet'
2023-11-21 10:39:43.969 INFO  [http-nio-8085-exec-1] [o.s.web.servlet.DispatcherServlet] - Completed initialization in 1 ms
2023-11-21 10:39:46.348 WARN  [http-nio-8085-exec-3] [o.s.w.s.m.s.DefaultHandlerExceptionResolver] - Resolved [org.springframework.web.HttpRequestMethodNotSupportedException: Request method 'POST' not supported]
2023-11-21 10:40:09.987 INFO  [restartedMain] [c.c.privatepro05.Privatepro05Application] - Starting Privatepro05Application using Java 17.0.7 on FULL8-004 with PID 10144 (D:\sg\privatepro05\build\classes\java\main started by db400tea in D:\sg\privatepro05)
2023-11-21 10:40:09.988 INFO  [restartedMain] [c.c.privatepro05.Privatepro05Application] - No active profile set, falling back to 1 default profile: "default"
2023-11-21 10:40:10.012 INFO  [restartedMain] [o.s.b.d.e.DevToolsPropertyDefaultsPostProcessor] - Devtools property defaults active! Set 'spring.devtools.add-properties' to 'false' to disable
2023-11-21 10:40:10.012 INFO  [restartedMain] [o.s.b.d.e.DevToolsPropertyDefaultsPostProcessor] - For additional web related logging consider setting the 'logging.level.web' property to 'DEBUG'
2023-11-21 10:40:10.604 INFO  [restartedMain] [o.s.b.w.embedded.tomcat.TomcatWebServer] - Tomcat initialized with port(s): 8085 (http)
2023-11-21 10:40:10.608 INFO  [restartedMain] [o.apache.coyote.http11.Http11NioProtocol] - Initializing ProtocolHandler ["http-nio-8085"]
2023-11-21 10:40:10.609 INFO  [restartedMain] [org.apache.catalina.core.StandardService] - Starting service [Tomcat]
2023-11-21 10:40:10.609 INFO  [restartedMain] [org.apache.catalina.core.StandardEngine] - Starting Servlet engine: [Apache Tomcat/9.0.82]
2023-11-21 10:40:10.709 INFO  [restartedMain] [org.apache.jasper.servlet.TldScanner] - At least one JAR was scanned for TLDs yet contained no TLDs. Enable debug logging for this logger for a complete list of JARs that were scanned but no TLDs were found in them. Skipping unneeded JARs during scanning can improve startup time and JSP compilation time.
2023-11-21 10:40:10.713 INFO  [restartedMain] [o.a.c.c.C.[Tomcat].[localhost].[/]] - Initializing Spring embedded WebApplicationContext
2023-11-21 10:40:10.713 INFO  [restartedMain] [o.s.b.w.s.c.ServletWebServerApplicationContext] - Root WebApplicationContext: initialization completed in 700 ms
2023-11-21 10:40:10.933 INFO  [restartedMain] [o.s.b.a.w.s.WelcomePageHandlerMapping] - Adding welcome page template: index
2023-11-21 10:40:11.023 INFO  [restartedMain] [o.s.s.web.DefaultSecurityFilterChain] - Will secure any request with [org.springframework.security.web.session.DisableEncodeUrlFilter@d2a0be5, org.springframework.security.web.context.request.async.WebAsyncManagerIntegrationFilter@18607313, org.springframework.security.web.context.SecurityContextPersistenceFilter@16549a04, org.springframework.security.web.header.HeaderWriterFilter@6b9375dd, org.springframework.security.web.authentication.logout.LogoutFilter@5858222f, org.springframework.security.web.authentication.UsernamePasswordAuthenticationFilter@712c8e75, org.springframework.security.web.session.ConcurrentSessionFilter@397ea30c, org.springframework.security.web.savedrequest.RequestCacheAwareFilter@58b9809f, org.springframework.security.web.servletapi.SecurityContextHolderAwareRequestFilter@7f6549d9, org.springframework.security.web.authentication.AnonymousAuthenticationFilter@492fd57a, org.springframework.security.web.session.SessionManagementFilter@61096d06, org.springframework.security.web.access.ExceptionTranslationFilter@47e1e4e8, org.springframework.security.web.access.intercept.FilterSecurityInterceptor@5d27923a]
2023-11-21 10:40:11.111 INFO  [restartedMain] [o.s.b.d.a.OptionalLiveReloadServer] - LiveReload server is running on port 35729
2023-11-21 10:40:11.120 INFO  [restartedMain] [o.apache.coyote.http11.Http11NioProtocol] - Starting ProtocolHandler ["http-nio-8085"]
2023-11-21 10:40:11.133 INFO  [restartedMain] [o.s.b.w.embedded.tomcat.TomcatWebServer] - Tomcat started on port(s): 8085 (http) with context path ''
2023-11-21 10:40:11.139 INFO  [restartedMain] [c.c.privatepro05.Privatepro05Application] - Started Privatepro05Application in 1.319 seconds (JVM running for 1.69)
2023-11-21 10:40:15.335 INFO  [http-nio-8085-exec-1] [o.a.c.c.C.[Tomcat].[localhost].[/]] - Initializing Spring DispatcherServlet 'dispatcherServlet'
2023-11-21 10:40:15.335 INFO  [http-nio-8085-exec-1] [o.s.web.servlet.DispatcherServlet] - Initializing Servlet 'dispatcherServlet'
2023-11-21 10:40:15.335 INFO  [http-nio-8085-exec-1] [o.s.web.servlet.DispatcherServlet] - Completed initialization in 0 ms
2023-11-21 10:40:15.371 INFO  [http-nio-8085-exec-1] [c.c.privatepro05.ctrl.ItemController] - null
2023-11-21 10:40:20.877 WARN  [http-nio-8085-exec-6] [o.s.w.s.m.s.DefaultHandlerExceptionResolver] - Resolved [org.springframework.web.HttpRequestMethodNotSupportedException: Request method 'GET' not supported]
2023-11-21 10:40:53.992 INFO  [restartedMain] [c.c.privatepro05.Privatepro05Application] - Starting Privatepro05Application using Java 17.0.7 on FULL8-004 with PID 7552 (D:\sg\privatepro05\build\classes\java\main started by db400tea in D:\sg\privatepro05)
2023-11-21 10:40:53.993 INFO  [restartedMain] [c.c.privatepro05.Privatepro05Application] - No active profile set, falling back to 1 default profile: "default"
2023-11-21 10:40:54.017 INFO  [restartedMain] [o.s.b.d.e.DevToolsPropertyDefaultsPostProcessor] - Devtools property defaults active! Set 'spring.devtools.add-properties' to 'false' to disable
2023-11-21 10:40:54.017 INFO  [restartedMain] [o.s.b.d.e.DevToolsPropertyDefaultsPostProcessor] - For additional web related logging consider setting the 'logging.level.web' property to 'DEBUG'
2023-11-21 10:40:54.607 INFO  [restartedMain] [o.s.b.w.embedded.tomcat.TomcatWebServer] - Tomcat initialized with port(s): 8085 (http)
2023-11-21 10:40:54.611 INFO  [restartedMain] [o.apache.coyote.http11.Http11NioProtocol] - Initializing ProtocolHandler ["http-nio-8085"]
2023-11-21 10:40:54.612 INFO  [restartedMain] [org.apache.catalina.core.StandardService] - Starting service [Tomcat]
2023-11-21 10:40:54.612 INFO  [restartedMain] [org.apache.catalina.core.StandardEngine] - Starting Servlet engine: [Apache Tomcat/9.0.82]
2023-11-21 10:40:54.714 INFO  [restartedMain] [org.apache.jasper.servlet.TldScanner] - At least one JAR was scanned for TLDs yet contained no TLDs. Enable debug logging for this logger for a complete list of JARs that were scanned but no TLDs were found in them. Skipping unneeded JARs during scanning can improve startup time and JSP compilation time.
2023-11-21 10:40:54.719 INFO  [restartedMain] [o.a.c.c.C.[Tomcat].[localhost].[/]] - Initializing Spring embedded WebApplicationContext
2023-11-21 10:40:54.719 INFO  [restartedMain] [o.s.b.w.s.c.ServletWebServerApplicationContext] - Root WebApplicationContext: initialization completed in 702 ms
2023-11-21 10:40:54.951 INFO  [restartedMain] [o.s.b.a.w.s.WelcomePageHandlerMapping] - Adding welcome page template: index
2023-11-21 10:40:55.051 INFO  [restartedMain] [o.s.s.web.DefaultSecurityFilterChain] - Will secure any request with [org.springframework.security.web.session.DisableEncodeUrlFilter@421a1929, org.springframework.security.web.context.request.async.WebAsyncManagerIntegrationFilter@22448e0c, org.springframework.security.web.context.SecurityContextPersistenceFilter@7e5417b8, org.springframework.security.web.header.HeaderWriterFilter@1d3d138e, org.springframework.security.web.authentication.logout.LogoutFilter@44c2394c, org.springframework.security.web.authentication.UsernamePasswordAuthenticationFilter@40741947, org.springframework.security.web.session.ConcurrentSessionFilter@198928a9, org.springframework.security.web.savedrequest.RequestCacheAwareFilter@411f0ade, org.springframework.security.web.servletapi.SecurityContextHolderAwareRequestFilter@576d5655, org.springframework.security.web.authentication.AnonymousAuthenticationFilter@34b41fd0, org.springframework.security.web.session.SessionManagementFilter@2563c794, org.springframework.security.web.access.ExceptionTranslationFilter@1e3feca3, org.springframework.security.web.access.intercept.FilterSecurityInterceptor@39148927]
2023-11-21 10:40:55.141 INFO  [restartedMain] [o.s.b.d.a.OptionalLiveReloadServer] - LiveReload server is running on port 35729
2023-11-21 10:40:55.149 INFO  [restartedMain] [o.apache.coyote.http11.Http11NioProtocol] - Starting ProtocolHandler ["http-nio-8085"]
2023-11-21 10:40:55.162 INFO  [restartedMain] [o.s.b.w.embedded.tomcat.TomcatWebServer] - Tomcat started on port(s): 8085 (http) with context path ''
2023-11-21 10:40:55.168 INFO  [restartedMain] [c.c.privatepro05.Privatepro05Application] - Started Privatepro05Application in 1.341 seconds (JVM running for 1.71)
2023-11-21 10:40:57.624 INFO  [http-nio-8085-exec-1] [o.a.c.c.C.[Tomcat].[localhost].[/]] - Initializing Spring DispatcherServlet 'dispatcherServlet'
2023-11-21 10:40:57.624 INFO  [http-nio-8085-exec-1] [o.s.web.servlet.DispatcherServlet] - Initializing Servlet 'dispatcherServlet'
2023-11-21 10:40:57.625 INFO  [http-nio-8085-exec-1] [o.s.web.servlet.DispatcherServlet] - Completed initialization in 1 ms
2023-11-21 10:41:00.876 INFO  [http-nio-8085-exec-5] [c.c.privatepro05.ctrl.ItemController] - null
2023-11-21 10:41:47.346 INFO  [restartedMain] [c.c.privatepro05.Privatepro05Application] - Starting Privatepro05Application using Java 17.0.7 on FULL8-004 with PID 16504 (D:\sg\privatepro05\build\classes\java\main started by db400tea in D:\sg\privatepro05)
2023-11-21 10:41:47.348 INFO  [restartedMain] [c.c.privatepro05.Privatepro05Application] - No active profile set, falling back to 1 default profile: "default"
2023-11-21 10:41:47.372 INFO  [restartedMain] [o.s.b.d.e.DevToolsPropertyDefaultsPostProcessor] - Devtools property defaults active! Set 'spring.devtools.add-properties' to 'false' to disable
2023-11-21 10:41:47.372 INFO  [restartedMain] [o.s.b.d.e.DevToolsPropertyDefaultsPostProcessor] - For additional web related logging consider setting the 'logging.level.web' property to 'DEBUG'
2023-11-21 10:41:47.957 INFO  [restartedMain] [o.s.b.w.embedded.tomcat.TomcatWebServer] - Tomcat initialized with port(s): 8085 (http)
2023-11-21 10:41:47.962 INFO  [restartedMain] [o.apache.coyote.http11.Http11NioProtocol] - Initializing ProtocolHandler ["http-nio-8085"]
2023-11-21 10:41:47.962 INFO  [restartedMain] [org.apache.catalina.core.StandardService] - Starting service [Tomcat]
2023-11-21 10:41:47.962 INFO  [restartedMain] [org.apache.catalina.core.StandardEngine] - Starting Servlet engine: [Apache Tomcat/9.0.82]
2023-11-21 10:41:48.061 INFO  [restartedMain] [org.apache.jasper.servlet.TldScanner] - At least one JAR was scanned for TLDs yet contained no TLDs. Enable debug logging for this logger for a complete list of JARs that were scanned but no TLDs were found in them. Skipping unneeded JARs during scanning can improve startup time and JSP compilation time.
2023-11-21 10:41:48.066 INFO  [restartedMain] [o.a.c.c.C.[Tomcat].[localhost].[/]] - Initializing Spring embedded WebApplicationContext
2023-11-21 10:41:48.066 INFO  [restartedMain] [o.s.b.w.s.c.ServletWebServerApplicationContext] - Root WebApplicationContext: initialization completed in 694 ms
2023-11-21 10:41:48.290 INFO  [restartedMain] [o.s.b.a.w.s.WelcomePageHandlerMapping] - Adding welcome page template: index
2023-11-21 10:41:48.382 INFO  [restartedMain] [o.s.s.web.DefaultSecurityFilterChain] - Will secure any request with [org.springframework.security.web.session.DisableEncodeUrlFilter@d2a0be5, org.springframework.security.web.context.request.async.WebAsyncManagerIntegrationFilter@18607313, org.springframework.security.web.context.SecurityContextPersistenceFilter@16549a04, org.springframework.security.web.header.HeaderWriterFilter@6b9375dd, org.springframework.security.web.authentication.logout.LogoutFilter@5858222f, org.springframework.security.web.authentication.UsernamePasswordAuthenticationFilter@712c8e75, org.springframework.security.web.session.ConcurrentSessionFilter@397ea30c, org.springframework.security.web.savedrequest.RequestCacheAwareFilter@58b9809f, org.springframework.security.web.servletapi.SecurityContextHolderAwareRequestFilter@7f6549d9, org.springframework.security.web.authentication.AnonymousAuthenticationFilter@492fd57a, org.springframework.security.web.session.SessionManagementFilter@61096d06, org.springframework.security.web.access.ExceptionTranslationFilter@47e1e4e8, org.springframework.security.web.access.intercept.FilterSecurityInterceptor@5d27923a]
2023-11-21 10:41:48.475 INFO  [restartedMain] [o.s.b.d.a.OptionalLiveReloadServer] - LiveReload server is running on port 35729
2023-11-21 10:41:48.484 INFO  [restartedMain] [o.apache.coyote.http11.Http11NioProtocol] - Starting ProtocolHandler ["http-nio-8085"]
2023-11-21 10:41:48.498 INFO  [restartedMain] [o.s.b.w.embedded.tomcat.TomcatWebServer] - Tomcat started on port(s): 8085 (http) with context path ''
2023-11-21 10:41:48.504 INFO  [restartedMain] [c.c.privatepro05.Privatepro05Application] - Started Privatepro05Application in 1.323 seconds (JVM running for 1.695)
2023-11-21 10:41:52.781 INFO  [http-nio-8085-exec-1] [o.a.c.c.C.[Tomcat].[localhost].[/]] - Initializing Spring DispatcherServlet 'dispatcherServlet'
2023-11-21 10:41:52.781 INFO  [http-nio-8085-exec-1] [o.s.web.servlet.DispatcherServlet] - Initializing Servlet 'dispatcherServlet'
2023-11-21 10:41:52.782 INFO  [http-nio-8085-exec-1] [o.s.web.servlet.DispatcherServlet] - Completed initialization in 0 ms
2023-11-21 10:41:52.813 WARN  [http-nio-8085-exec-1] [o.s.w.s.m.s.DefaultHandlerExceptionResolver] - Resolved [org.springframework.web.HttpRequestMethodNotSupportedException: Request method 'POST' not supported]
2023-11-21 10:41:54.677 WARN  [http-nio-8085-exec-6] [o.s.w.s.m.s.DefaultHandlerExceptionResolver] - Resolved [org.springframework.web.HttpRequestMethodNotSupportedException: Request method 'POST' not supported]
2023-11-21 10:42:01.303 INFO  [http-nio-8085-exec-4] [c.c.privatepro05.ctrl.ItemController] - 20231121_085539.jpg
2023-11-21 17:38:44.516 INFO  [restartedMain] [c.c.privatepro05.Privatepro05Application] - Starting Privatepro05Application using Java 17.0.7 on FULL8-004 with PID 6320 (D:\sg\privatepro05\build\classes\java\main started by db400tea in D:\sg\privatepro05)
2023-11-21 17:38:44.517 INFO  [restartedMain] [c.c.privatepro05.Privatepro05Application] - No active profile set, falling back to 1 default profile: "default"
2023-11-21 17:38:44.540 INFO  [restartedMain] [o.s.b.d.e.DevToolsPropertyDefaultsPostProcessor] - Devtools property defaults active! Set 'spring.devtools.add-properties' to 'false' to disable
2023-11-21 17:38:44.540 INFO  [restartedMain] [o.s.b.d.e.DevToolsPropertyDefaultsPostProcessor] - For additional web related logging consider setting the 'logging.level.web' property to 'DEBUG'
2023-11-21 17:38:45.159 INFO  [restartedMain] [o.s.b.w.embedded.tomcat.TomcatWebServer] - Tomcat initialized with port(s): 8085 (http)
2023-11-21 17:38:45.163 INFO  [restartedMain] [o.apache.coyote.http11.Http11NioProtocol] - Initializing ProtocolHandler ["http-nio-8085"]
2023-11-21 17:38:45.164 INFO  [restartedMain] [org.apache.catalina.core.StandardService] - Starting service [Tomcat]
2023-11-21 17:38:45.164 INFO  [restartedMain] [org.apache.catalina.core.StandardEngine] - Starting Servlet engine: [Apache Tomcat/9.0.82]
2023-11-21 17:38:45.271 INFO  [restartedMain] [org.apache.jasper.servlet.TldScanner] - At least one JAR was scanned for TLDs yet contained no TLDs. Enable debug logging for this logger for a complete list of JARs that were scanned but no TLDs were found in them. Skipping unneeded JARs during scanning can improve startup time and JSP compilation time.
2023-11-21 17:38:45.276 INFO  [restartedMain] [o.a.c.c.C.[Tomcat].[localhost].[/]] - Initializing Spring embedded WebApplicationContext
2023-11-21 17:38:45.276 INFO  [restartedMain] [o.s.b.w.s.c.ServletWebServerApplicationContext] - Root WebApplicationContext: initialization completed in 736 ms
2023-11-21 17:38:45.505 INFO  [restartedMain] [o.s.b.a.w.s.WelcomePageHandlerMapping] - Adding welcome page template: index
2023-11-21 17:38:45.605 INFO  [restartedMain] [o.s.s.web.DefaultSecurityFilterChain] - Will secure any request with [org.springframework.security.web.session.DisableEncodeUrlFilter@11edf68a, org.springframework.security.web.context.request.async.WebAsyncManagerIntegrationFilter@2f1d57ef, org.springframework.security.web.context.SecurityContextPersistenceFilter@60a78c80, org.springframework.security.web.header.HeaderWriterFilter@73e7e647, org.springframework.security.web.authentication.logout.LogoutFilter@2c110904, org.springframework.security.web.authentication.UsernamePasswordAuthenticationFilter@7ebfbb0c, org.springframework.security.web.session.ConcurrentSessionFilter@703cea3a, org.springframework.security.web.savedrequest.RequestCacheAwareFilter@4ab3c64a, org.springframework.security.web.servletapi.SecurityContextHolderAwareRequestFilter@47d0bbd1, org.springframework.security.web.authentication.AnonymousAuthenticationFilter@52000dc, org.springframework.security.web.session.SessionManagementFilter@70bd3d9e, org.springframework.security.web.access.ExceptionTranslationFilter@25feaccd, org.springframework.security.web.access.intercept.FilterSecurityInterceptor@51f6a9be]
2023-11-21 17:38:45.711 INFO  [restartedMain] [o.s.b.d.a.OptionalLiveReloadServer] - LiveReload server is running on port 35729
2023-11-21 17:38:45.722 INFO  [restartedMain] [o.apache.coyote.http11.Http11NioProtocol] - Starting ProtocolHandler ["http-nio-8085"]
2023-11-21 17:38:45.737 INFO  [restartedMain] [o.s.b.w.embedded.tomcat.TomcatWebServer] - Tomcat started on port(s): 8085 (http) with context path ''
2023-11-21 17:38:45.744 INFO  [restartedMain] [c.c.privatepro05.Privatepro05Application] - Started Privatepro05Application in 1.387 seconds (JVM running for 1.762)
2023-11-21 17:39:04.670 INFO  [restartedMain] [c.c.privatepro05.Privatepro05Application] - Starting Privatepro05Application using Java 17.0.7 on FULL8-004 with PID 6748 (D:\sg\privatepro05\build\classes\java\main started by db400tea in D:\sg\privatepro05)
2023-11-21 17:39:04.672 INFO  [restartedMain] [c.c.privatepro05.Privatepro05Application] - No active profile set, falling back to 1 default profile: "default"
2023-11-21 17:39:04.696 INFO  [restartedMain] [o.s.b.d.e.DevToolsPropertyDefaultsPostProcessor] - Devtools property defaults active! Set 'spring.devtools.add-properties' to 'false' to disable
2023-11-21 17:39:04.696 INFO  [restartedMain] [o.s.b.d.e.DevToolsPropertyDefaultsPostProcessor] - For additional web related logging consider setting the 'logging.level.web' property to 'DEBUG'
2023-11-21 17:39:05.286 INFO  [restartedMain] [o.s.b.w.embedded.tomcat.TomcatWebServer] - Tomcat initialized with port(s): 8085 (http)
2023-11-21 17:39:05.290 INFO  [restartedMain] [o.apache.coyote.http11.Http11NioProtocol] - Initializing ProtocolHandler ["http-nio-8085"]
2023-11-21 17:39:05.295 INFO  [restartedMain] [org.apache.catalina.core.StandardService] - Starting service [Tomcat]
2023-11-21 17:39:05.295 INFO  [restartedMain] [org.apache.catalina.core.StandardEngine] - Starting Servlet engine: [Apache Tomcat/9.0.82]
2023-11-21 17:39:05.393 INFO  [restartedMain] [org.apache.jasper.servlet.TldScanner] - At least one JAR was scanned for TLDs yet contained no TLDs. Enable debug logging for this logger for a complete list of JARs that were scanned but no TLDs were found in them. Skipping unneeded JARs during scanning can improve startup time and JSP compilation time.
2023-11-21 17:39:05.397 INFO  [restartedMain] [o.a.c.c.C.[Tomcat].[localhost].[/]] - Initializing Spring embedded WebApplicationContext
2023-11-21 17:39:05.398 INFO  [restartedMain] [o.s.b.w.s.c.ServletWebServerApplicationContext] - Root WebApplicationContext: initialization completed in 702 ms
2023-11-21 17:39:05.607 INFO  [restartedMain] [o.s.b.a.w.s.WelcomePageHandlerMapping] - Adding welcome page template: index
2023-11-21 17:39:05.696 INFO  [restartedMain] [o.s.s.web.DefaultSecurityFilterChain] - Will secure any request with [org.springframework.security.web.session.DisableEncodeUrlFilter@26742b6d, org.springframework.security.web.context.request.async.WebAsyncManagerIntegrationFilter@60368451, org.springframework.security.web.context.SecurityContextPersistenceFilter@467bef05, org.springframework.security.web.header.HeaderWriterFilter@10088e81, org.springframework.security.web.authentication.logout.LogoutFilter@5ce88b8b, org.springframework.security.web.authentication.UsernamePasswordAuthenticationFilter@229bde88, org.springframework.security.web.session.ConcurrentSessionFilter@4f185774, org.springframework.security.web.savedrequest.RequestCacheAwareFilter@1369e005, org.springframework.security.web.servletapi.SecurityContextHolderAwareRequestFilter@794b1912, org.springframework.security.web.authentication.AnonymousAuthenticationFilter@597d3318, org.springframework.security.web.session.SessionManagementFilter@5ba654b8, org.springframework.security.web.access.ExceptionTranslationFilter@1dfe05bb, org.springframework.security.web.access.intercept.FilterSecurityInterceptor@55f23611]
2023-11-21 17:39:05.781 INFO  [restartedMain] [o.s.b.d.a.OptionalLiveReloadServer] - LiveReload server is running on port 35729
2023-11-21 17:39:05.789 INFO  [restartedMain] [o.apache.coyote.http11.Http11NioProtocol] - Starting ProtocolHandler ["http-nio-8085"]
2023-11-21 17:39:05.801 INFO  [restartedMain] [o.s.b.w.embedded.tomcat.TomcatWebServer] - Tomcat started on port(s): 8085 (http) with context path ''
2023-11-21 17:39:05.807 INFO  [restartedMain] [c.c.privatepro05.Privatepro05Application] - Started Privatepro05Application in 1.306 seconds (JVM running for 1.659)
2023-11-21 17:39:49.626 INFO  [http-nio-8085-exec-1] [o.a.c.c.C.[Tomcat].[localhost].[/]] - Initializing Spring DispatcherServlet 'dispatcherServlet'
2023-11-21 17:39:49.626 INFO  [http-nio-8085-exec-1] [o.s.web.servlet.DispatcherServlet] - Initializing Servlet 'dispatcherServlet'
2023-11-21 17:39:49.627 INFO  [http-nio-8085-exec-1] [o.s.web.servlet.DispatcherServlet] - Completed initialization in 1 ms
2023-11-21 17:40:27.487 INFO  [restartedMain] [c.c.privatepro05.Privatepro05Application] - Starting Privatepro05Application using Java 17.0.7 on FULL8-004 with PID 6316 (D:\sg\privatepro05\build\classes\java\main started by db400tea in D:\sg\privatepro05)
2023-11-21 17:40:27.489 INFO  [restartedMain] [c.c.privatepro05.Privatepro05Application] - No active profile set, falling back to 1 default profile: "default"
2023-11-21 17:40:27.512 INFO  [restartedMain] [o.s.b.d.e.DevToolsPropertyDefaultsPostProcessor] - Devtools property defaults active! Set 'spring.devtools.add-properties' to 'false' to disable
2023-11-21 17:40:27.512 INFO  [restartedMain] [o.s.b.d.e.DevToolsPropertyDefaultsPostProcessor] - For additional web related logging consider setting the 'logging.level.web' property to 'DEBUG'
2023-11-21 17:40:28.093 INFO  [restartedMain] [o.s.b.w.embedded.tomcat.TomcatWebServer] - Tomcat initialized with port(s): 8085 (http)
2023-11-21 17:40:28.097 INFO  [restartedMain] [o.apache.coyote.http11.Http11NioProtocol] - Initializing ProtocolHandler ["http-nio-8085"]
2023-11-21 17:40:28.098 INFO  [restartedMain] [org.apache.catalina.core.StandardService] - Starting service [Tomcat]
2023-11-21 17:40:28.098 INFO  [restartedMain] [org.apache.catalina.core.StandardEngine] - Starting Servlet engine: [Apache Tomcat/9.0.82]
2023-11-21 17:40:28.200 INFO  [restartedMain] [org.apache.jasper.servlet.TldScanner] - At least one JAR was scanned for TLDs yet contained no TLDs. Enable debug logging for this logger for a complete list of JARs that were scanned but no TLDs were found in them. Skipping unneeded JARs during scanning can improve startup time and JSP compilation time.
2023-11-21 17:40:28.204 INFO  [restartedMain] [o.a.c.c.C.[Tomcat].[localhost].[/]] - Initializing Spring embedded WebApplicationContext
2023-11-21 17:40:28.204 INFO  [restartedMain] [o.s.b.w.s.c.ServletWebServerApplicationContext] - Root WebApplicationContext: initialization completed in 691 ms
2023-11-21 17:40:28.419 INFO  [restartedMain] [o.s.b.a.w.s.WelcomePageHandlerMapping] - Adding welcome page template: index
2023-11-21 17:40:28.511 INFO  [restartedMain] [o.s.s.web.DefaultSecurityFilterChain] - Will secure any request with [org.springframework.security.web.session.DisableEncodeUrlFilter@4350ca83, org.springframework.security.web.context.request.async.WebAsyncManagerIntegrationFilter@6786f643, org.springframework.security.web.context.SecurityContextPersistenceFilter@479a6e88, org.springframework.security.web.header.HeaderWriterFilter@2857b6d2, org.springframework.security.web.authentication.logout.LogoutFilter@29071a6a, org.springframework.security.web.authentication.UsernamePasswordAuthenticationFilter@4ca614fe, org.springframework.security.web.session.ConcurrentSessionFilter@46106149, org.springframework.security.web.savedrequest.RequestCacheAwareFilter@1ae9220b, org.springframework.security.web.servletapi.SecurityContextHolderAwareRequestFilter@64feaba7, org.springframework.security.web.authentication.AnonymousAuthenticationFilter@4de2caf1, org.springframework.security.web.session.SessionManagementFilter@28028f43, org.springframework.security.web.access.ExceptionTranslationFilter@7a11c0fe, org.springframework.security.web.access.intercept.FilterSecurityInterceptor@7d7a4a79]
2023-11-21 17:40:28.598 INFO  [restartedMain] [o.s.b.d.a.OptionalLiveReloadServer] - LiveReload server is running on port 35729
2023-11-21 17:40:28.607 INFO  [restartedMain] [o.apache.coyote.http11.Http11NioProtocol] - Starting ProtocolHandler ["http-nio-8085"]
2023-11-21 17:40:28.620 INFO  [restartedMain] [o.s.b.w.embedded.tomcat.TomcatWebServer] - Tomcat started on port(s): 8085 (http) with context path ''
2023-11-21 17:40:28.626 INFO  [restartedMain] [c.c.privatepro05.Privatepro05Application] - Started Privatepro05Application in 1.305 seconds (JVM running for 1.659)
2023-11-21 17:40:32.396 INFO  [http-nio-8085-exec-1] [o.a.c.c.C.[Tomcat].[localhost].[/]] - Initializing Spring DispatcherServlet 'dispatcherServlet'
2023-11-21 17:40:32.396 INFO  [http-nio-8085-exec-1] [o.s.web.servlet.DispatcherServlet] - Initializing Servlet 'dispatcherServlet'
2023-11-21 17:40:32.397 INFO  [http-nio-8085-exec-1] [o.s.web.servlet.DispatcherServlet] - Completed initialization in 1 ms
2023-11-21 17:42:38.525 INFO  [restartedMain] [c.c.privatepro05.Privatepro05Application] - Starting Privatepro05Application using Java 17.0.7 on FULL8-004 with PID 13884 (D:\sg\privatepro05\build\classes\java\main started by db400tea in D:\sg\privatepro05)
2023-11-21 17:42:38.526 INFO  [restartedMain] [c.c.privatepro05.Privatepro05Application] - No active profile set, falling back to 1 default profile: "default"
2023-11-21 17:42:38.548 INFO  [restartedMain] [o.s.b.d.e.DevToolsPropertyDefaultsPostProcessor] - Devtools property defaults active! Set 'spring.devtools.add-properties' to 'false' to disable
2023-11-21 17:42:38.548 INFO  [restartedMain] [o.s.b.d.e.DevToolsPropertyDefaultsPostProcessor] - For additional web related logging consider setting the 'logging.level.web' property to 'DEBUG'
2023-11-21 17:42:39.134 INFO  [restartedMain] [o.s.b.w.embedded.tomcat.TomcatWebServer] - Tomcat initialized with port(s): 8085 (http)
2023-11-21 17:42:39.139 INFO  [restartedMain] [o.apache.coyote.http11.Http11NioProtocol] - Initializing ProtocolHandler ["http-nio-8085"]
2023-11-21 17:42:39.139 INFO  [restartedMain] [org.apache.catalina.core.StandardService] - Starting service [Tomcat]
2023-11-21 17:42:39.139 INFO  [restartedMain] [org.apache.catalina.core.StandardEngine] - Starting Servlet engine: [Apache Tomcat/9.0.82]
2023-11-21 17:42:39.235 INFO  [restartedMain] [org.apache.jasper.servlet.TldScanner] - At least one JAR was scanned for TLDs yet contained no TLDs. Enable debug logging for this logger for a complete list of JARs that were scanned but no TLDs were found in them. Skipping unneeded JARs during scanning can improve startup time and JSP compilation time.
2023-11-21 17:42:39.240 INFO  [restartedMain] [o.a.c.c.C.[Tomcat].[localhost].[/]] - Initializing Spring embedded WebApplicationContext
2023-11-21 17:42:39.240 INFO  [restartedMain] [o.s.b.w.s.c.ServletWebServerApplicationContext] - Root WebApplicationContext: initialization completed in 692 ms
2023-11-21 17:42:39.452 INFO  [restartedMain] [o.s.b.a.w.s.WelcomePageHandlerMapping] - Adding welcome page template: index
2023-11-21 17:42:39.541 INFO  [restartedMain] [o.s.s.web.DefaultSecurityFilterChain] - Will secure any request with [org.springframework.security.web.session.DisableEncodeUrlFilter@27818f0d, org.springframework.security.web.context.request.async.WebAsyncManagerIntegrationFilter@35f23043, org.springframework.security.web.context.SecurityContextPersistenceFilter@3fcbc574, org.springframework.security.web.header.HeaderWriterFilter@4ab3c64a, org.springframework.security.web.authentication.logout.LogoutFilter@363d3954, org.springframework.security.web.authentication.UsernamePasswordAuthenticationFilter@7c35eef3, org.springframework.security.web.session.ConcurrentSessionFilter@49a7c4df, org.springframework.security.web.savedrequest.RequestCacheAwareFilter@480c9fbb, org.springframework.security.web.servletapi.SecurityContextHolderAwareRequestFilter@2dec9d38, org.springframework.security.web.authentication.AnonymousAuthenticationFilter@6fa95f66, org.springframework.security.web.session.SessionManagementFilter@1bcffc27, org.springframework.security.web.access.ExceptionTranslationFilter@60a78c80, org.springframework.security.web.access.intercept.FilterSecurityInterceptor@52000dc]
2023-11-21 17:42:39.631 INFO  [restartedMain] [o.s.b.d.a.OptionalLiveReloadServer] - LiveReload server is running on port 35729
2023-11-21 17:42:39.639 INFO  [restartedMain] [o.apache.coyote.http11.Http11NioProtocol] - Starting ProtocolHandler ["http-nio-8085"]
2023-11-21 17:42:39.652 INFO  [restartedMain] [o.s.b.w.embedded.tomcat.TomcatWebServer] - Tomcat started on port(s): 8085 (http) with context path ''
2023-11-21 17:42:39.659 INFO  [restartedMain] [c.c.privatepro05.Privatepro05Application] - Started Privatepro05Application in 1.292 seconds (JVM running for 1.65)
2023-11-21 17:42:45.226 INFO  [http-nio-8085-exec-1] [o.a.c.c.C.[Tomcat].[localhost].[/]] - Initializing Spring DispatcherServlet 'dispatcherServlet'
2023-11-21 17:42:45.226 INFO  [http-nio-8085-exec-1] [o.s.web.servlet.DispatcherServlet] - Initializing Servlet 'dispatcherServlet'
2023-11-21 17:42:45.227 INFO  [http-nio-8085-exec-1] [o.s.web.servlet.DispatcherServlet] - Completed initialization in 1 ms
2023-11-21 17:43:33.232 INFO  [restartedMain] [c.c.privatepro05.Privatepro05Application] - Starting Privatepro05Application using Java 17.0.7 on FULL8-004 with PID 7352 (D:\sg\privatepro05\build\classes\java\main started by db400tea in D:\sg\privatepro05)
2023-11-21 17:43:33.234 INFO  [restartedMain] [c.c.privatepro05.Privatepro05Application] - No active profile set, falling back to 1 default profile: "default"
2023-11-21 17:43:33.255 INFO  [restartedMain] [o.s.b.d.e.DevToolsPropertyDefaultsPostProcessor] - Devtools property defaults active! Set 'spring.devtools.add-properties' to 'false' to disable
2023-11-21 17:43:33.256 INFO  [restartedMain] [o.s.b.d.e.DevToolsPropertyDefaultsPostProcessor] - For additional web related logging consider setting the 'logging.level.web' property to 'DEBUG'
2023-11-21 17:43:33.830 INFO  [restartedMain] [o.s.b.w.embedded.tomcat.TomcatWebServer] - Tomcat initialized with port(s): 8085 (http)
2023-11-21 17:43:33.835 INFO  [restartedMain] [o.apache.coyote.http11.Http11NioProtocol] - Initializing ProtocolHandler ["http-nio-8085"]
2023-11-21 17:43:33.835 INFO  [restartedMain] [org.apache.catalina.core.StandardService] - Starting service [Tomcat]
2023-11-21 17:43:33.836 INFO  [restartedMain] [org.apache.catalina.core.StandardEngine] - Starting Servlet engine: [Apache Tomcat/9.0.82]
2023-11-21 17:43:33.925 INFO  [restartedMain] [org.apache.jasper.servlet.TldScanner] - At least one JAR was scanned for TLDs yet contained no TLDs. Enable debug logging for this logger for a complete list of JARs that were scanned but no TLDs were found in them. Skipping unneeded JARs during scanning can improve startup time and JSP compilation time.
2023-11-21 17:43:33.929 INFO  [restartedMain] [o.a.c.c.C.[Tomcat].[localhost].[/]] - Initializing Spring embedded WebApplicationContext
2023-11-21 17:43:33.930 INFO  [restartedMain] [o.s.b.w.s.c.ServletWebServerApplicationContext] - Root WebApplicationContext: initialization completed in 674 ms
2023-11-21 17:43:34.141 INFO  [restartedMain] [o.s.b.a.w.s.WelcomePageHandlerMapping] - Adding welcome page template: index
2023-11-21 17:43:34.232 INFO  [restartedMain] [o.s.s.web.DefaultSecurityFilterChain] - Will secure any request with [org.springframework.security.web.session.DisableEncodeUrlFilter@26fc7d2, org.springframework.security.web.context.request.async.WebAsyncManagerIntegrationFilter@7b1834c8, org.springframework.security.web.context.SecurityContextPersistenceFilter@cc798fa, org.springframework.security.web.header.HeaderWriterFilter@6faf97b2, org.springframework.security.web.authentication.logout.LogoutFilter@508655ea, org.springframework.security.web.authentication.UsernamePasswordAuthenticationFilter@2a9cb74, org.springframework.security.web.session.ConcurrentSessionFilter@7179db2f, org.springframework.security.web.savedrequest.RequestCacheAwareFilter@6ba1e3f, org.springframework.security.web.servletapi.SecurityContextHolderAwareRequestFilter@5c8f94be, org.springframework.security.web.authentication.AnonymousAuthenticationFilter@3dc308a7, org.springframework.security.web.session.SessionManagementFilter@3c52a6ac, org.springframework.security.web.access.ExceptionTranslationFilter@3547f453, org.springframework.security.web.access.intercept.FilterSecurityInterceptor@78ea2c3f]
2023-11-21 17:43:34.320 INFO  [restartedMain] [o.s.b.d.a.OptionalLiveReloadServer] - LiveReload server is running on port 35729
2023-11-21 17:43:34.328 INFO  [restartedMain] [o.apache.coyote.http11.Http11NioProtocol] - Starting ProtocolHandler ["http-nio-8085"]
2023-11-21 17:43:34.341 INFO  [restartedMain] [o.s.b.w.embedded.tomcat.TomcatWebServer] - Tomcat started on port(s): 8085 (http) with context path ''
2023-11-21 17:43:34.347 INFO  [restartedMain] [c.c.privatepro05.Privatepro05Application] - Started Privatepro05Application in 1.269 seconds (JVM running for 1.632)
2023-11-21 17:43:43.061 INFO  [http-nio-8085-exec-1] [o.a.c.c.C.[Tomcat].[localhost].[/]] - Initializing Spring DispatcherServlet 'dispatcherServlet'
2023-11-21 17:43:43.061 INFO  [http-nio-8085-exec-1] [o.s.web.servlet.DispatcherServlet] - Initializing Servlet 'dispatcherServlet'
2023-11-21 17:43:43.062 INFO  [http-nio-8085-exec-1] [o.s.web.servlet.DispatcherServlet] - Completed initialization in 1 ms
2023-11-21 17:44:04.782 INFO  [restartedMain] [c.c.privatepro05.Privatepro05Application] - Starting Privatepro05Application using Java 17.0.7 on FULL8-004 with PID 16868 (D:\sg\privatepro05\build\classes\java\main started by db400tea in D:\sg\privatepro05)
2023-11-21 17:44:04.783 INFO  [restartedMain] [c.c.privatepro05.Privatepro05Application] - No active profile set, falling back to 1 default profile: "default"
2023-11-21 17:44:04.808 INFO  [restartedMain] [o.s.b.d.e.DevToolsPropertyDefaultsPostProcessor] - Devtools property defaults active! Set 'spring.devtools.add-properties' to 'false' to disable
2023-11-21 17:44:04.808 INFO  [restartedMain] [o.s.b.d.e.DevToolsPropertyDefaultsPostProcessor] - For additional web related logging consider setting the 'logging.level.web' property to 'DEBUG'
2023-11-21 17:44:05.386 INFO  [restartedMain] [o.s.b.w.embedded.tomcat.TomcatWebServer] - Tomcat initialized with port(s): 8085 (http)
2023-11-21 17:44:05.390 INFO  [restartedMain] [o.apache.coyote.http11.Http11NioProtocol] - Initializing ProtocolHandler ["http-nio-8085"]
2023-11-21 17:44:05.391 INFO  [restartedMain] [org.apache.catalina.core.StandardService] - Starting service [Tomcat]
2023-11-21 17:44:05.391 INFO  [restartedMain] [org.apache.catalina.core.StandardEngine] - Starting Servlet engine: [Apache Tomcat/9.0.82]
2023-11-21 17:44:05.491 INFO  [restartedMain] [org.apache.jasper.servlet.TldScanner] - At least one JAR was scanned for TLDs yet contained no TLDs. Enable debug logging for this logger for a complete list of JARs that were scanned but no TLDs were found in them. Skipping unneeded JARs during scanning can improve startup time and JSP compilation time.
2023-11-21 17:44:05.496 INFO  [restartedMain] [o.a.c.c.C.[Tomcat].[localhost].[/]] - Initializing Spring embedded WebApplicationContext
2023-11-21 17:44:05.496 INFO  [restartedMain] [o.s.b.w.s.c.ServletWebServerApplicationContext] - Root WebApplicationContext: initialization completed in 687 ms
2023-11-21 17:44:05.717 INFO  [restartedMain] [o.s.b.a.w.s.WelcomePageHandlerMapping] - Adding welcome page template: index
2023-11-21 17:44:05.808 INFO  [restartedMain] [o.s.s.web.DefaultSecurityFilterChain] - Will secure any request with [org.springframework.security.web.session.DisableEncodeUrlFilter@3666e198, org.springframework.security.web.context.request.async.WebAsyncManagerIntegrationFilter@4ca1ccf, org.springframework.security.web.context.SecurityContextPersistenceFilter@7a6a41ba, org.springframework.security.web.header.HeaderWriterFilter@72dfc8e, org.springframework.security.web.authentication.logout.LogoutFilter@2c99df73, org.springframework.security.web.authentication.UsernamePasswordAuthenticationFilter@79224989, org.springframework.security.web.session.ConcurrentSessionFilter@300576cc, org.springframework.security.web.savedrequest.RequestCacheAwareFilter@2b4d9e86, org.springframework.security.web.servletapi.SecurityContextHolderAwareRequestFilter@9fcebb5, org.springframework.security.web.authentication.AnonymousAuthenticationFilter@d3bd3ca, org.springframework.security.web.session.SessionManagementFilter@4a8b0ff, org.springframework.security.web.access.ExceptionTranslationFilter@65a47064, org.springframework.security.web.access.intercept.FilterSecurityInterceptor@6fba1ba7]
2023-11-21 17:44:05.895 INFO  [restartedMain] [o.s.b.d.a.OptionalLiveReloadServer] - LiveReload server is running on port 35729
2023-11-21 17:44:05.903 INFO  [restartedMain] [o.apache.coyote.http11.Http11NioProtocol] - Starting ProtocolHandler ["http-nio-8085"]
2023-11-21 17:44:05.916 INFO  [restartedMain] [o.s.b.w.embedded.tomcat.TomcatWebServer] - Tomcat started on port(s): 8085 (http) with context path ''
2023-11-21 17:44:05.922 INFO  [restartedMain] [c.c.privatepro05.Privatepro05Application] - Started Privatepro05Application in 1.303 seconds (JVM running for 1.661)
2023-11-21 17:44:11.875 INFO  [http-nio-8085-exec-1] [o.a.c.c.C.[Tomcat].[localhost].[/]] - Initializing Spring DispatcherServlet 'dispatcherServlet'
2023-11-21 17:44:11.875 INFO  [http-nio-8085-exec-1] [o.s.web.servlet.DispatcherServlet] - Initializing Servlet 'dispatcherServlet'
2023-11-21 17:44:11.876 INFO  [http-nio-8085-exec-1] [o.s.web.servlet.DispatcherServlet] - Completed initialization in 1 ms
2023-11-21 17:48:21.513 INFO  [restartedMain] [c.c.privatepro05.Privatepro05Application] - Starting Privatepro05Application using Java 17.0.7 on FULL8-004 with PID 10804 (D:\sg\privatepro05\build\classes\java\main started by db400tea in D:\sg\privatepro05)
2023-11-21 17:48:21.515 INFO  [restartedMain] [c.c.privatepro05.Privatepro05Application] - No active profile set, falling back to 1 default profile: "default"
2023-11-21 17:48:21.539 INFO  [restartedMain] [o.s.b.d.e.DevToolsPropertyDefaultsPostProcessor] - Devtools property defaults active! Set 'spring.devtools.add-properties' to 'false' to disable
2023-11-21 17:48:21.539 INFO  [restartedMain] [o.s.b.d.e.DevToolsPropertyDefaultsPostProcessor] - For additional web related logging consider setting the 'logging.level.web' property to 'DEBUG'
2023-11-21 17:48:22.126 INFO  [restartedMain] [o.s.b.w.embedded.tomcat.TomcatWebServer] - Tomcat initialized with port(s): 8085 (http)
2023-11-21 17:48:22.131 INFO  [restartedMain] [o.apache.coyote.http11.Http11NioProtocol] - Initializing ProtocolHandler ["http-nio-8085"]
2023-11-21 17:48:22.131 INFO  [restartedMain] [org.apache.catalina.core.StandardService] - Starting service [Tomcat]
2023-11-21 17:48:22.132 INFO  [restartedMain] [org.apache.catalina.core.StandardEngine] - Starting Servlet engine: [Apache Tomcat/9.0.82]
2023-11-21 17:48:22.223 INFO  [restartedMain] [org.apache.jasper.servlet.TldScanner] - At least one JAR was scanned for TLDs yet contained no TLDs. Enable debug logging for this logger for a complete list of JARs that were scanned but no TLDs were found in them. Skipping unneeded JARs during scanning can improve startup time and JSP compilation time.
2023-11-21 17:48:22.227 INFO  [restartedMain] [o.a.c.c.C.[Tomcat].[localhost].[/]] - Initializing Spring embedded WebApplicationContext
2023-11-21 17:48:22.227 INFO  [restartedMain] [o.s.b.w.s.c.ServletWebServerApplicationContext] - Root WebApplicationContext: initialization completed in 688 ms
2023-11-21 17:48:22.446 INFO  [restartedMain] [o.s.b.a.w.s.WelcomePageHandlerMapping] - Adding welcome page template: index
2023-11-21 17:48:22.537 INFO  [restartedMain] [o.s.s.web.DefaultSecurityFilterChain] - Will secure any request with [org.springframework.security.web.session.DisableEncodeUrlFilter@35f23043, org.springframework.security.web.context.request.async.WebAsyncManagerIntegrationFilter@6fa95f66, org.springframework.security.web.context.SecurityContextPersistenceFilter@48bd6f6e, org.springframework.security.web.header.HeaderWriterFilter@47d0bbd1, org.springframework.security.web.authentication.logout.LogoutFilter@3c52a6ac, org.springframework.security.web.authentication.UsernamePasswordAuthenticationFilter@76bdf657, org.springframework.security.web.session.ConcurrentSessionFilter@cf1980a, org.springframework.security.web.savedrequest.RequestCacheAwareFilter@2dec9d38, org.springframework.security.web.servletapi.SecurityContextHolderAwareRequestFilter@4ced1d94, org.springframework.security.web.authentication.AnonymousAuthenticationFilter@6ff072ac, org.springframework.security.web.session.SessionManagementFilter@23769ad, org.springframework.security.web.access.ExceptionTranslationFilter@77ddc794, org.springframework.security.web.access.intercept.FilterSecurityInterceptor@94843a2]
2023-11-21 17:48:22.627 INFO  [restartedMain] [o.s.b.d.a.OptionalLiveReloadServer] - LiveReload server is running on port 35729
2023-11-21 17:48:22.635 INFO  [restartedMain] [o.apache.coyote.http11.Http11NioProtocol] - Starting ProtocolHandler ["http-nio-8085"]
2023-11-21 17:48:22.647 INFO  [restartedMain] [o.s.b.w.embedded.tomcat.TomcatWebServer] - Tomcat started on port(s): 8085 (http) with context path ''
2023-11-21 17:48:22.653 INFO  [restartedMain] [c.c.privatepro05.Privatepro05Application] - Started Privatepro05Application in 1.3 seconds (JVM running for 1.66)
2023-11-21 17:48:32.105 INFO  [http-nio-8085-exec-1] [o.a.c.c.C.[Tomcat].[localhost].[/]] - Initializing Spring DispatcherServlet 'dispatcherServlet'
2023-11-21 17:48:32.105 INFO  [http-nio-8085-exec-1] [o.s.web.servlet.DispatcherServlet] - Initializing Servlet 'dispatcherServlet'
2023-11-21 17:48:32.105 INFO  [http-nio-8085-exec-1] [o.s.web.servlet.DispatcherServlet] - Completed initialization in 0 ms
2023-11-21 17:49:24.738 INFO  [http-nio-8085-exec-7] [com.zaxxer.hikari.HikariDataSource] - HikariPool-1 - Starting...
2023-11-21 17:49:24.805 INFO  [http-nio-8085-exec-7] [com.zaxxer.hikari.HikariDataSource] - HikariPool-1 - Start completed.
2023-11-21 17:52:20.039 INFO  [SpringApplicationShutdownHook] [com.zaxxer.hikari.HikariDataSource] - HikariPool-1 - Shutdown initiated...
2023-11-21 17:52:20.041 INFO  [SpringApplicationShutdownHook] [com.zaxxer.hikari.HikariDataSource] - HikariPool-1 - Shutdown completed.
